[34m2026-02-18 16:22:58 [debug] create database instance: {"sync":{"alter":{"drop":false},"force":false},"logging":false,"dialect":"mysql","username":"nocobase","database":"nocobase","port":"3306","timezone":"+00:00","underscored":false,"pool":{},"migrator":{"context":{"app":{"appName":"main","name":"main"}}},"logger":{},"rawTimezone":"+00:00"}[39m meta={"databaseInstanceId":"SKKIT9DcAnCW6zmb2sUgZ"} module=database app=main reqId=f225015f-6fd1-4a96-9918-e1cef4c6673a dataSourceKey=main
[32m2026-02-18 16:22:58 [info]  add app main into supervisor                [39m module=application submodule=supervisor method=addApp app=main reqId=f225015f-6fd1-4a96-9918-e1cef4c6673a dataSourceKey=main
[32m2026-02-18 16:22:58 [info]  connection has been established successfully.[39m module=database method=auth app=main reqId=f225015f-6fd1-4a96-9918-e1cef4c6673a dataSourceKey=main
[34m2026-02-18 16:22:58 [debug] init plugins                                [39m module=application app=main reqId=f225015f-6fd1-4a96-9918-e1cef4c6673a dataSourceKey=main
[34m2026-02-18 16:22:58 [debug] loading app...                              [39m module=application app=main reqId=f225015f-6fd1-4a96-9918-e1cef4c6673a dataSourceKey=main
[32m2026-02-18 16:22:58 [info]  allocate worker id: 8                       [39m module=application method=load app=main reqId=f225015f-6fd1-4a96-9918-e1cef4c6673a dataSourceKey=main
[34m2026-02-18 16:22:58 [debug] loading plugins...                          [39m module=application app=main reqId=f225015f-6fd1-4a96-9918-e1cef4c6673a dataSourceKey=main
[34m2026-02-18 16:22:58 [debug] Registering task type: command              [39m module=application app=main reqId=f225015f-6fd1-4a96-9918-e1cef4c6673a dataSourceKey=main
[34m2026-02-18 16:22:58 [debug] Subscribed to background job topic: workflow.pendingExecution[39m module=application app=main reqId=f225015f-6fd1-4a96-9918-e1cef4c6673a dataSourceKey=main
[34m2026-02-18 16:22:58 [debug] plugins loaded                              [39m module=application app=main reqId=f225015f-6fd1-4a96-9918-e1cef4c6673a dataSourceKey=main
[34m2026-02-18 16:22:58 [debug] loading locale resource...                  [39m module=application submodule=locale method=onAfterLoad app=main reqId=f225015f-6fd1-4a96-9918-e1cef4c6673a dataSourceKey=main
[33m2026-02-18 16:22:58 [warn]  [PubSubManager] adapter is not exist or not connected, cannot publish message to channel main.sync.localeManager[39m module=application app=main reqId=f225015f-6fd1-4a96-9918-e1cef4c6673a dataSourceKey=main
[34m2026-02-18 16:22:58 [debug] locale resource loaded                      [39m module=application submodule=locale method=onAfterLoad app=main reqId=f225015f-6fd1-4a96-9918-e1cef4c6673a dataSourceKey=main
[34m2026-02-18 16:22:58 [debug] starting app...                             [39m module=application app=main reqId=f225015f-6fd1-4a96-9918-e1cef4c6673a dataSourceKey=main
[34m2026-02-18 16:22:58 [debug] loading custom collections                  [39m module=data-source-main method=loadCollections app=main reqId=f225015f-6fd1-4a96-9918-e1cef4c6673a dataSourceKey=main
[34m2026-02-18 16:22:58 [debug] loading collections...                      [39m module=database app=main reqId=f225015f-6fd1-4a96-9918-e1cef4c6673a dataSourceKey=main
[34m2026-02-18 16:22:58 [debug] collections loaded                          [39m module=database app=main reqId=f225015f-6fd1-4a96-9918-e1cef4c6673a dataSourceKey=main
[32m2026-02-18 16:22:58 [info]  memory queue storage file not found, skip   [39m module=application app=main reqId=f225015f-6fd1-4a96-9918-e1cef4c6673a dataSourceKey=main
[34m2026-02-18 16:22:58 [debug] connected to adapter, using memory? true    [39m module=application app=main reqId=f225015f-6fd1-4a96-9918-e1cef4c6673a dataSourceKey=main
[32m2026-02-18 16:22:58 [info]  write roles to ACL                          [39m module=acl method=writeRolesToACL app=main reqId=f225015f-6fd1-4a96-9918-e1cef4c6673a dataSourceKey=main
[32m2026-02-18 16:22:58 [info]  app has been started                        [39m module=application app=main reqId=f225015f-6fd1-4a96-9918-e1cef4c6673a dataSourceKey=main
[34m2026-02-18 16:23:06 [debug] ctx permission                              [39m meta={"can":null,"resourceName":"app","actionName":"getLang","skip":true} module=app submodule=getLang app=main reqId=1b49aa3d-0c45-46a7-ad15-0bf5b729122e dataSourceKey=main
[34m2026-02-18 16:23:06 [debug] acl params                                  [39m module=app submodule=getLang app=main reqId=1b49aa3d-0c45-46a7-ad15-0bf5b729122e dataSourceKey=main
[34m2026-02-18 16:23:06 [debug] acl parsedParams                            [39m module=app submodule=getLang app=main reqId=1b49aa3d-0c45-46a7-ad15-0bf5b729122e dataSourceKey=main
[33m2026-02-18 16:23:06 [warn]  [PubSubManager] adapter is not exist or not connected, cannot publish message to channel main.sync.localeManager[39m module=application app=main reqId=f225015f-6fd1-4a96-9918-e1cef4c6673a dataSourceKey=main
[34m2026-02-18 16:23:07 [debug] ctx permission                              [39m meta={"can":null,"resourceName":"pm","actionName":"listEnabled","skip":true} module=pm submodule=listEnabled app=main reqId=aff24f86-3e3d-4246-9549-8ef10e0e7ca6 dataSourceKey=main
[34m2026-02-18 16:23:07 [debug] acl params                                  [39m module=pm submodule=listEnabled app=main reqId=aff24f86-3e3d-4246-9549-8ef10e0e7ca6 dataSourceKey=main
[34m2026-02-18 16:23:07 [debug] acl parsedParams                            [39m module=pm submodule=listEnabled app=main reqId=aff24f86-3e3d-4246-9549-8ef10e0e7ca6 dataSourceKey=main
[34m2026-02-18 16:23:07 [debug] ctx permission                              [39m meta={"can":null,"resourceName":"systemSettings","actionName":"get","skip":true} module=systemSettings submodule=get app=main reqId=c2026434-5aa6-4119-9292-79ab1912b4cd dataSourceKey=main
[34m2026-02-18 16:23:07 [debug] acl params                                  [39m module=systemSettings submodule=get app=main reqId=c2026434-5aa6-4119-9292-79ab1912b4cd dataSourceKey=main
[34m2026-02-18 16:23:07 [debug] acl parsedParams                            [39m module=systemSettings submodule=get app=main reqId=c2026434-5aa6-4119-9292-79ab1912b4cd dataSourceKey=main
[34m2026-02-18 16:23:07 [debug] ctx permission                              [39m meta={"can":null,"resourceName":"themeConfig","actionName":"list","skip":true} module=themeConfig submodule=list app=main reqId=4c39e5aa-a35a-4ed5-9dcd-22afe223ab92 dataSourceKey=main
[34m2026-02-18 16:23:07 [debug] acl params                                  [39m module=themeConfig submodule=list app=main reqId=4c39e5aa-a35a-4ed5-9dcd-22afe223ab92 dataSourceKey=main
[34m2026-02-18 16:23:07 [debug] acl parsedParams                            [39m module=themeConfig submodule=list app=main reqId=4c39e5aa-a35a-4ed5-9dcd-22afe223ab92 dataSourceKey=main
[34m2026-02-18 16:23:07 [debug] ctx permission                              [39m meta={"can":null,"resourceName":"authenticators","actionName":"publicList","skip":true} module=authenticators submodule=publicList app=main reqId=452b8746-e8fc-489c-ab4f-57a8656082e2 dataSourceKey=main
[34m2026-02-18 16:23:07 [debug] acl params                                  [39m module=authenticators submodule=publicList app=main reqId=452b8746-e8fc-489c-ab4f-57a8656082e2 dataSourceKey=main
[34m2026-02-18 16:23:07 [debug] acl parsedParams                            [39m module=authenticators submodule=publicList app=main reqId=452b8746-e8fc-489c-ab4f-57a8656082e2 dataSourceKey=main
[34m2026-02-18 16:23:58 [debug] Running cleanup for completed tasks...      [39m module=application app=main reqId=f225015f-6fd1-4a96-9918-e1cef4c6673a dataSourceKey=main
[34m2026-02-18 16:23:58 [debug] Found 0 tasks to cleanup                    [39m module=application app=main reqId=f225015f-6fd1-4a96-9918-e1cef4c6673a dataSourceKey=main
[34m2026-02-18 16:24:58 [debug] Running cleanup for completed tasks...      [39m module=application app=main reqId=f225015f-6fd1-4a96-9918-e1cef4c6673a dataSourceKey=main
[34m2026-02-18 16:24:58 [debug] Found 0 tasks to cleanup                    [39m module=application app=main reqId=f225015f-6fd1-4a96-9918-e1cef4c6673a dataSourceKey=main
[34m2026-02-18 16:25:53 [debug] ctx permission                              [39m meta={"can":null,"resourceName":"auth","actionName":"signIn","skip":true} module=auth submodule=signIn app=main reqId=09ec7be1-716d-4ea5-ab2b-0b60dc9db6d9 dataSourceKey=main
[34m2026-02-18 16:25:53 [debug] acl params                                  [39m module=auth submodule=signIn app=main reqId=09ec7be1-716d-4ea5-ab2b-0b60dc9db6d9 dataSourceKey=main
[34m2026-02-18 16:25:53 [debug] acl parsedParams                            [39m module=auth submodule=signIn app=main reqId=09ec7be1-716d-4ea5-ab2b-0b60dc9db6d9 dataSourceKey=main
[34m2026-02-18 16:25:53 [debug] ctx permission                              [39m meta={"can":null,"resourceName":"auth","actionName":"check","skip":true} module=auth submodule=check app=main reqId=155ae2ed-d1f3-49ba-a2e5-ad7b2373e401 dataSourceKey=main
[34m2026-02-18 16:25:53 [debug] acl params                                  [39m module=auth submodule=check app=main reqId=155ae2ed-d1f3-49ba-a2e5-ad7b2373e401 dataSourceKey=main
[34m2026-02-18 16:25:53 [debug] acl parsedParams                            [39m module=auth submodule=check app=main reqId=155ae2ed-d1f3-49ba-a2e5-ad7b2373e401 dataSourceKey=main
[34m2026-02-18 16:25:53 [debug] ctx permission                              [39m meta={"can":{"role":"root","resource":"roles","action":"check"},"resourceName":"roles","actionName":"check","skip":true} module=roles submodule=check app=main reqId=aa741423-1ff4-42e9-9535-61c8ea2a77bb dataSourceKey=main
[34m2026-02-18 16:25:53 [debug] acl params                                  [39m module=roles submodule=check app=main reqId=aa741423-1ff4-42e9-9535-61c8ea2a77bb dataSourceKey=main
[34m2026-02-18 16:25:53 [debug] acl parsedParams                            [39m module=roles submodule=check app=main reqId=aa741423-1ff4-42e9-9535-61c8ea2a77bb dataSourceKey=main
[34m2026-02-18 16:25:53 [debug] ctx permission                              [39m meta={"can":null,"resourceName":"blockTemplates","actionName":"list","skip":true} module=blockTemplates submodule=list app=main reqId=1e802341-3f44-40bf-843f-04ae27013cb0 dataSourceKey=main
[34m2026-02-18 16:25:53 [debug] acl params                                  [39m module=blockTemplates submodule=list app=main reqId=1e802341-3f44-40bf-843f-04ae27013cb0 dataSourceKey=main
[34m2026-02-18 16:25:53 [debug] acl parsedParams                            [39m module=blockTemplates submodule=list app=main reqId=1e802341-3f44-40bf-843f-04ae27013cb0 dataSourceKey=main
[34m2026-02-18 16:25:53 [debug] ctx permission                              [39m meta={"can":null,"resourceName":"themeConfig","actionName":"list","skip":true} module=themeConfig submodule=list app=main reqId=515da9af-ce32-43bf-b6c8-c1e4aab66a00 dataSourceKey=main
[34m2026-02-18 16:25:53 [debug] acl params                                  [39m module=themeConfig submodule=list app=main reqId=515da9af-ce32-43bf-b6c8-c1e4aab66a00 dataSourceKey=main
[34m2026-02-18 16:25:53 [debug] acl parsedParams                            [39m module=themeConfig submodule=list app=main reqId=515da9af-ce32-43bf-b6c8-c1e4aab66a00 dataSourceKey=main
[34m2026-02-18 16:25:53 [debug] ctx permission                              [39m meta={"can":null,"resourceName":"userWorkflowTasks","actionName":"listMine","skip":true} module=userWorkflowTasks submodule=listMine app=main reqId=ac32b00c-058b-4d0e-bec1-b6b382bd94d4 dataSourceKey=main
[34m2026-02-18 16:25:53 [debug] acl params                                  [39m module=userWorkflowTasks submodule=listMine app=main reqId=ac32b00c-058b-4d0e-bec1-b6b382bd94d4 dataSourceKey=main
[34m2026-02-18 16:25:53 [debug] acl parsedParams                            [39m module=userWorkflowTasks submodule=listMine app=main reqId=ac32b00c-058b-4d0e-bec1-b6b382bd94d4 dataSourceKey=main
[34m2026-02-18 16:25:53 [debug] ctx permission                              [39m meta={"can":{"role":"root","resource":"environmentVariables","action":"list"},"resourceName":"environmentVariables","actionName":"list","skip":true} app=main reqId=346b185f-f853-4e62-91f3-731e8666970c dataSourceKey=main
[34m2026-02-18 16:25:53 [debug] acl params                                  [39m app=main reqId=346b185f-f853-4e62-91f3-731e8666970c dataSourceKey=main
[34m2026-02-18 16:25:53 [debug] acl parsedParams                            [39m app=main reqId=346b185f-f853-4e62-91f3-731e8666970c dataSourceKey=main
[34m2026-02-18 16:25:53 [debug] ctx permission                              [39m meta={"can":null,"resourceName":"systemSettings","actionName":"get","skip":true} module=systemSettings submodule=get app=main reqId=6b1b1dfe-632f-4001-92dd-a4e8068145db dataSourceKey=main
[34m2026-02-18 16:25:53 [debug] acl params                                  [39m module=systemSettings submodule=get app=main reqId=6b1b1dfe-632f-4001-92dd-a4e8068145db dataSourceKey=main
[34m2026-02-18 16:25:53 [debug] acl parsedParams                            [39m module=systemSettings submodule=get app=main reqId=6b1b1dfe-632f-4001-92dd-a4e8068145db dataSourceKey=main
[34m2026-02-18 16:25:53 [debug] ctx permission                              [39m meta={"can":null,"resourceName":"desktopRoutes","actionName":"listAccessible","skip":true} module=desktopRoutes submodule=listAccessible app=main reqId=89ace279-bdec-4726-ab3c-28d8b2de91d4 dataSourceKey=main
[34m2026-02-18 16:25:53 [debug] acl params                                  [39m module=desktopRoutes submodule=listAccessible app=main reqId=89ace279-bdec-4726-ab3c-28d8b2de91d4 dataSourceKey=main
[34m2026-02-18 16:25:53 [debug] acl parsedParams                            [39m module=desktopRoutes submodule=listAccessible app=main reqId=89ace279-bdec-4726-ab3c-28d8b2de91d4 dataSourceKey=main
[34m2026-02-18 16:25:53 [debug] ctx permission                              [39m meta={"can":null,"resourceName":"asyncTasks","actionName":"list","skip":true} module=asyncTasks submodule=list app=main reqId=36ff58be-71bf-41db-99e0-741ba2d6155c dataSourceKey=main
[34m2026-02-18 16:25:53 [debug] acl params                                  [39m module=asyncTasks submodule=list app=main reqId=36ff58be-71bf-41db-99e0-741ba2d6155c dataSourceKey=main
[34m2026-02-18 16:25:53 [debug] acl parsedParams                            [39m module=asyncTasks submodule=list app=main reqId=36ff58be-71bf-41db-99e0-741ba2d6155c dataSourceKey=main
[34m2026-02-18 16:25:53 [debug] ctx permission                              [39m meta={"can":null,"resourceName":"myInAppMessages","actionName":"count","skip":true} module=myInAppMessages submodule=count app=main reqId=85e0a528-d410-4e65-8685-a9766a2db5b8 dataSourceKey=main
[34m2026-02-18 16:25:53 [debug] acl params                                  [39m module=myInAppMessages submodule=count app=main reqId=85e0a528-d410-4e65-8685-a9766a2db5b8 dataSourceKey=main
[34m2026-02-18 16:25:53 [debug] acl parsedParams                            [39m module=myInAppMessages submodule=count app=main reqId=85e0a528-d410-4e65-8685-a9766a2db5b8 dataSourceKey=main
[34m2026-02-18 16:25:53 [debug] ctx permission                              [39m meta={"can":{"role":"root","resource":"uiSchemaTemplates","action":"list"},"resourceName":"uiSchemaTemplates","actionName":"list","skip":true} module=uiSchemaTemplates submodule=list app=main reqId=3548eb59-a9e9-440a-9f1d-94c74e256db9 dataSourceKey=main
[34m2026-02-18 16:25:53 [debug] acl params                                  [39m module=uiSchemaTemplates submodule=list app=main reqId=3548eb59-a9e9-440a-9f1d-94c74e256db9 dataSourceKey=main
[34m2026-02-18 16:25:53 [debug] acl parsedParams                            [39m module=uiSchemaTemplates submodule=list app=main reqId=3548eb59-a9e9-440a-9f1d-94c74e256db9 dataSourceKey=main
[34m2026-02-18 16:25:53 [debug] ctx permission                              [39m meta={"can":null,"resourceName":"app","actionName":"getInfo","skip":true} module=app submodule=getInfo app=main reqId=edd074a5-7f3a-41c8-87a2-8c558ba0505b dataSourceKey=main
[34m2026-02-18 16:25:53 [debug] acl params                                  [39m module=app submodule=getInfo app=main reqId=edd074a5-7f3a-41c8-87a2-8c558ba0505b dataSourceKey=main
[34m2026-02-18 16:25:53 [debug] acl parsedParams                            [39m module=app submodule=getInfo app=main reqId=edd074a5-7f3a-41c8-87a2-8c558ba0505b dataSourceKey=main
[34m2026-02-18 16:25:53 [debug] ctx permission                              [39m meta={"can":{"role":"root","resource":"dataSources","action":"listEnabled"},"resourceName":"dataSources","actionName":"listEnabled","skip":true} module=dataSources submodule=listEnabled app=main reqId=34fdb27f-46f8-4502-9e8d-a602703055ac dataSourceKey=main
[34m2026-02-18 16:25:53 [debug] acl params                                  [39m module=dataSources submodule=listEnabled app=main reqId=34fdb27f-46f8-4502-9e8d-a602703055ac dataSourceKey=main
[34m2026-02-18 16:25:53 [debug] acl parsedParams                            [39m module=dataSources submodule=listEnabled app=main reqId=34fdb27f-46f8-4502-9e8d-a602703055ac dataSourceKey=main
[34m2026-02-18 16:25:53 [debug] ctx permission                              [39m meta={"can":{"role":"root","resource":"uiSchemas","action":"getJsonSchema"},"resourceName":"uiSchemas","actionName":"getJsonSchema","skip":true} module=uiSchemas submodule=getJsonSchema/zbnp037qsfh app=main reqId=dc31d496-faa4-40b8-825e-6ddfafa33e1d dataSourceKey=main
[34m2026-02-18 16:25:53 [debug] acl params                                  [39m module=uiSchemas submodule=getJsonSchema/zbnp037qsfh app=main reqId=dc31d496-faa4-40b8-825e-6ddfafa33e1d dataSourceKey=main
[34m2026-02-18 16:25:53 [debug] acl parsedParams                            [39m module=uiSchemas submodule=getJsonSchema/zbnp037qsfh app=main reqId=dc31d496-faa4-40b8-825e-6ddfafa33e1d dataSourceKey=main
[34m2026-02-18 16:25:53 [debug] ctx permission                              [39m meta={"can":{"role":"root","resource":"collections","action":"listMeta"},"resourceName":"collections","actionName":"listMeta","skip":true} module=collections submodule=listMeta app=main reqId=e4e0cc07-f3ab-4afc-b034-d389008c418f dataSourceKey=main
[34m2026-02-18 16:25:53 [debug] acl params                                  [39m module=collections submodule=listMeta app=main reqId=e4e0cc07-f3ab-4afc-b034-d389008c418f dataSourceKey=main
[34m2026-02-18 16:25:53 [debug] acl parsedParams                            [39m module=collections submodule=listMeta app=main reqId=e4e0cc07-f3ab-4afc-b034-d389008c418f dataSourceKey=main
[34m2026-02-18 16:25:53 [debug] ctx permission                              [39m meta={"can":{"role":"root","resource":"uiSchemas","action":"getJsonSchema"},"resourceName":"uiSchemas","actionName":"getJsonSchema","skip":true} module=uiSchemas submodule=getJsonSchema/09zgpjffqzu app=main reqId=46ce2fce-017a-469f-917a-ac83f84bc51c dataSourceKey=main
[34m2026-02-18 16:25:53 [debug] acl params                                  [39m module=uiSchemas submodule=getJsonSchema/09zgpjffqzu app=main reqId=46ce2fce-017a-469f-917a-ac83f84bc51c dataSourceKey=main
[34m2026-02-18 16:25:53 [debug] acl parsedParams                            [39m module=uiSchemas submodule=getJsonSchema/09zgpjffqzu app=main reqId=46ce2fce-017a-469f-917a-ac83f84bc51c dataSourceKey=main
[34m2026-02-18 16:25:53 [debug] ctx permission                              [39m meta={"can":null,"resourceName":"finance","actionName":"list","skip":true} module=finance submodule=list app=main reqId=ac5d4495-21b7-4512-ae10-1e415eb2d666 dataSourceKey=main
[34m2026-02-18 16:25:53 [debug] acl params                                  [39m module=finance submodule=list app=main reqId=ac5d4495-21b7-4512-ae10-1e415eb2d666 dataSourceKey=main
[34m2026-02-18 16:25:53 [debug] acl parsedParams                            [39m module=finance submodule=list app=main reqId=ac5d4495-21b7-4512-ae10-1e415eb2d666 dataSourceKey=main
[34m2026-02-18 16:25:58 [debug] Running cleanup for completed tasks...      [39m module=application app=main reqId=f225015f-6fd1-4a96-9918-e1cef4c6673a dataSourceKey=main
[34m2026-02-18 16:25:58 [debug] Found 0 tasks to cleanup                    [39m module=application app=main reqId=f225015f-6fd1-4a96-9918-e1cef4c6673a dataSourceKey=main
[34m2026-02-18 16:25:59 [debug] ctx permission                              [39m meta={"can":{"role":"root","resource":"users","action":"list"},"resourceName":"users","actionName":"list","skip":true} module=users submodule=list app=main reqId=6a2e900b-05ab-433c-ab45-697e58f91653 dataSourceKey=main
[34m2026-02-18 16:25:59 [debug] acl params                                  [39m module=users submodule=list app=main reqId=6a2e900b-05ab-433c-ab45-697e58f91653 dataSourceKey=main
[34m2026-02-18 16:25:59 [debug] acl parsedParams                            [39m module=users submodule=list app=main reqId=6a2e900b-05ab-433c-ab45-697e58f91653 dataSourceKey=main
[34m2026-02-18 16:26:58 [debug] Running cleanup for completed tasks...      [39m module=application app=main reqId=f225015f-6fd1-4a96-9918-e1cef4c6673a dataSourceKey=main
[34m2026-02-18 16:26:58 [debug] Found 0 tasks to cleanup                    [39m module=application app=main reqId=f225015f-6fd1-4a96-9918-e1cef4c6673a dataSourceKey=main
[34m2026-02-18 16:27:58 [debug] Running cleanup for completed tasks...      [39m module=application app=main reqId=f225015f-6fd1-4a96-9918-e1cef4c6673a dataSourceKey=main
[34m2026-02-18 16:27:58 [debug] Found 0 tasks to cleanup                    [39m module=application app=main reqId=f225015f-6fd1-4a96-9918-e1cef4c6673a dataSourceKey=main
[34m2026-02-18 16:28:58 [debug] Running cleanup for completed tasks...      [39m module=application app=main reqId=f225015f-6fd1-4a96-9918-e1cef4c6673a dataSourceKey=main
[34m2026-02-18 16:28:58 [debug] Found 0 tasks to cleanup                    [39m module=application app=main reqId=f225015f-6fd1-4a96-9918-e1cef4c6673a dataSourceKey=main
[34m2026-02-18 16:29:58 [debug] Running cleanup for completed tasks...      [39m module=application app=main reqId=f225015f-6fd1-4a96-9918-e1cef4c6673a dataSourceKey=main
[34m2026-02-18 16:29:58 [debug] Found 0 tasks to cleanup                    [39m module=application app=main reqId=f225015f-6fd1-4a96-9918-e1cef4c6673a dataSourceKey=main
[34m2026-02-18 16:30:58 [debug] Running cleanup for completed tasks...      [39m module=application app=main reqId=f225015f-6fd1-4a96-9918-e1cef4c6673a dataSourceKey=main
[34m2026-02-18 16:30:58 [debug] Found 0 tasks to cleanup                    [39m module=application app=main reqId=f225015f-6fd1-4a96-9918-e1cef4c6673a dataSourceKey=main
[34m2026-02-18 16:31:58 [debug] Running cleanup for completed tasks...      [39m module=application app=main reqId=f225015f-6fd1-4a96-9918-e1cef4c6673a dataSourceKey=main
[34m2026-02-18 16:31:58 [debug] Found 0 tasks to cleanup                    [39m module=application app=main reqId=f225015f-6fd1-4a96-9918-e1cef4c6673a dataSourceKey=main
[34m2026-02-18 16:32:58 [debug] Running cleanup for completed tasks...      [39m module=application app=main reqId=f225015f-6fd1-4a96-9918-e1cef4c6673a dataSourceKey=main
[34m2026-02-18 16:32:58 [debug] Found 0 tasks to cleanup                    [39m module=application app=main reqId=f225015f-6fd1-4a96-9918-e1cef4c6673a dataSourceKey=main
[34m2026-02-18 16:33:58 [debug] Running cleanup for completed tasks...      [39m module=application app=main reqId=f225015f-6fd1-4a96-9918-e1cef4c6673a dataSourceKey=main
[34m2026-02-18 16:33:58 [debug] Found 0 tasks to cleanup                    [39m module=application app=main reqId=f225015f-6fd1-4a96-9918-e1cef4c6673a dataSourceKey=main
[34m2026-02-18 16:34:58 [debug] Running cleanup for completed tasks...      [39m module=application app=main reqId=f225015f-6fd1-4a96-9918-e1cef4c6673a dataSourceKey=main
[34m2026-02-18 16:34:58 [debug] Found 0 tasks to cleanup                    [39m module=application app=main reqId=f225015f-6fd1-4a96-9918-e1cef4c6673a dataSourceKey=main
[34m2026-02-18 16:35:58 [debug] Running cleanup for completed tasks...      [39m module=application app=main reqId=f225015f-6fd1-4a96-9918-e1cef4c6673a dataSourceKey=main
[34m2026-02-18 16:35:58 [debug] Found 0 tasks to cleanup                    [39m module=application app=main reqId=f225015f-6fd1-4a96-9918-e1cef4c6673a dataSourceKey=main
[34m2026-02-18 16:36:58 [debug] Running cleanup for completed tasks...      [39m module=application app=main reqId=f225015f-6fd1-4a96-9918-e1cef4c6673a dataSourceKey=main
[34m2026-02-18 16:36:58 [debug] Found 0 tasks to cleanup                    [39m module=application app=main reqId=f225015f-6fd1-4a96-9918-e1cef4c6673a dataSourceKey=main
[34m2026-02-18 16:37:58 [debug] Running cleanup for completed tasks...      [39m module=application app=main reqId=f225015f-6fd1-4a96-9918-e1cef4c6673a dataSourceKey=main
[34m2026-02-18 16:37:58 [debug] Found 0 tasks to cleanup                    [39m module=application app=main reqId=f225015f-6fd1-4a96-9918-e1cef4c6673a dataSourceKey=main
[34m2026-02-18 16:38:58 [debug] Running cleanup for completed tasks...      [39m module=application app=main reqId=f225015f-6fd1-4a96-9918-e1cef4c6673a dataSourceKey=main
[34m2026-02-18 16:38:58 [debug] Found 0 tasks to cleanup                    [39m module=application app=main reqId=f225015f-6fd1-4a96-9918-e1cef4c6673a dataSourceKey=main
[34m2026-02-18 16:39:58 [debug] Running cleanup for completed tasks...      [39m module=application app=main reqId=f225015f-6fd1-4a96-9918-e1cef4c6673a dataSourceKey=main
[34m2026-02-18 16:39:58 [debug] Found 0 tasks to cleanup                    [39m module=application app=main reqId=f225015f-6fd1-4a96-9918-e1cef4c6673a dataSourceKey=main
[34m2026-02-18 16:40:58 [debug] Running cleanup for completed tasks...      [39m module=application app=main reqId=f225015f-6fd1-4a96-9918-e1cef4c6673a dataSourceKey=main
[34m2026-02-18 16:40:58 [debug] Found 0 tasks to cleanup                    [39m module=application app=main reqId=f225015f-6fd1-4a96-9918-e1cef4c6673a dataSourceKey=main
[34m2026-02-18 16:41:58 [debug] Running cleanup for completed tasks...      [39m module=application app=main reqId=f225015f-6fd1-4a96-9918-e1cef4c6673a dataSourceKey=main
[34m2026-02-18 16:41:58 [debug] Found 0 tasks to cleanup                    [39m module=application app=main reqId=f225015f-6fd1-4a96-9918-e1cef4c6673a dataSourceKey=main
[34m2026-02-18 16:42:58 [debug] Running cleanup for completed tasks...      [39m module=application app=main reqId=f225015f-6fd1-4a96-9918-e1cef4c6673a dataSourceKey=main
[34m2026-02-18 16:42:58 [debug] Found 0 tasks to cleanup                    [39m module=application app=main reqId=f225015f-6fd1-4a96-9918-e1cef4c6673a dataSourceKey=main
[34m2026-02-18 16:43:58 [debug] Running cleanup for completed tasks...      [39m module=application app=main reqId=f225015f-6fd1-4a96-9918-e1cef4c6673a dataSourceKey=main
[34m2026-02-18 16:43:58 [debug] Found 0 tasks to cleanup                    [39m module=application app=main reqId=f225015f-6fd1-4a96-9918-e1cef4c6673a dataSourceKey=main
[34m2026-02-18 16:44:58 [debug] Running cleanup for completed tasks...      [39m module=application app=main reqId=f225015f-6fd1-4a96-9918-e1cef4c6673a dataSourceKey=main
[34m2026-02-18 16:44:58 [debug] Found 0 tasks to cleanup                    [39m module=application app=main reqId=f225015f-6fd1-4a96-9918-e1cef4c6673a dataSourceKey=main
[34m2026-02-18 16:45:58 [debug] Running cleanup for completed tasks...      [39m module=application app=main reqId=f225015f-6fd1-4a96-9918-e1cef4c6673a dataSourceKey=main
[34m2026-02-18 16:45:58 [debug] Found 0 tasks to cleanup                    [39m module=application app=main reqId=f225015f-6fd1-4a96-9918-e1cef4c6673a dataSourceKey=main
[34m2026-02-18 16:46:58 [debug] Running cleanup for completed tasks...      [39m module=application app=main reqId=f225015f-6fd1-4a96-9918-e1cef4c6673a dataSourceKey=main
[34m2026-02-18 16:46:58 [debug] Found 0 tasks to cleanup                    [39m module=application app=main reqId=f225015f-6fd1-4a96-9918-e1cef4c6673a dataSourceKey=main
[34m2026-02-18 16:47:58 [debug] Running cleanup for completed tasks...      [39m module=application app=main reqId=f225015f-6fd1-4a96-9918-e1cef4c6673a dataSourceKey=main
[34m2026-02-18 16:47:58 [debug] Found 0 tasks to cleanup                    [39m module=application app=main reqId=f225015f-6fd1-4a96-9918-e1cef4c6673a dataSourceKey=main
[34m2026-02-18 16:48:58 [debug] Running cleanup for completed tasks...      [39m module=application app=main reqId=f225015f-6fd1-4a96-9918-e1cef4c6673a dataSourceKey=main
[34m2026-02-18 16:48:58 [debug] Found 0 tasks to cleanup                    [39m module=application app=main reqId=f225015f-6fd1-4a96-9918-e1cef4c6673a dataSourceKey=main
[34m2026-02-18 16:49:58 [debug] Running cleanup for completed tasks...      [39m module=application app=main reqId=f225015f-6fd1-4a96-9918-e1cef4c6673a dataSourceKey=main
[34m2026-02-18 16:49:58 [debug] Found 0 tasks to cleanup                    [39m module=application app=main reqId=f225015f-6fd1-4a96-9918-e1cef4c6673a dataSourceKey=main
[34m2026-02-18 16:50:07 [debug] ctx permission                              [39m meta={"can":null,"resourceName":"app","actionName":"getLang","skip":true} module=app submodule=getLang app=main reqId=ee5bf30b-cda6-40c6-b44f-d3054576796b dataSourceKey=main
[34m2026-02-18 16:50:07 [debug] acl params                                  [39m module=app submodule=getLang app=main reqId=ee5bf30b-cda6-40c6-b44f-d3054576796b dataSourceKey=main
[34m2026-02-18 16:50:07 [debug] acl parsedParams                            [39m module=app submodule=getLang app=main reqId=ee5bf30b-cda6-40c6-b44f-d3054576796b dataSourceKey=main
[33m2026-02-18 16:50:07 [warn]  [PubSubManager] adapter is not exist or not connected, cannot publish message to channel main.sync.localeManager[39m module=application app=main reqId=f225015f-6fd1-4a96-9918-e1cef4c6673a dataSourceKey=main
[34m2026-02-18 16:50:07 [debug] ctx permission                              [39m meta={"can":null,"resourceName":"pm","actionName":"listEnabled","skip":true} module=pm submodule=listEnabled app=main reqId=de210b05-01b8-44c4-b96f-e93ca3c04ab3 dataSourceKey=main
[34m2026-02-18 16:50:07 [debug] acl params                                  [39m module=pm submodule=listEnabled app=main reqId=de210b05-01b8-44c4-b96f-e93ca3c04ab3 dataSourceKey=main
[34m2026-02-18 16:50:07 [debug] acl parsedParams                            [39m module=pm submodule=listEnabled app=main reqId=de210b05-01b8-44c4-b96f-e93ca3c04ab3 dataSourceKey=main
[34m2026-02-18 16:50:07 [debug] ctx permission                              [39m meta={"can":null,"resourceName":"auth","actionName":"check","skip":true} module=auth submodule=check app=main reqId=aec6d962-552c-46d8-8471-112d04d5fec8 dataSourceKey=main
[34m2026-02-18 16:50:07 [debug] acl params                                  [39m module=auth submodule=check app=main reqId=aec6d962-552c-46d8-8471-112d04d5fec8 dataSourceKey=main
[34m2026-02-18 16:50:07 [debug] acl parsedParams                            [39m module=auth submodule=check app=main reqId=aec6d962-552c-46d8-8471-112d04d5fec8 dataSourceKey=main
[34m2026-02-18 16:50:07 [debug] ctx permission                              [39m meta={"can":null,"resourceName":"systemSettings","actionName":"get","skip":true} module=systemSettings submodule=get app=main reqId=affd64e1-60ef-4a84-8fdf-aba79858f644 dataSourceKey=main
[34m2026-02-18 16:50:07 [debug] acl params                                  [39m module=systemSettings submodule=get app=main reqId=affd64e1-60ef-4a84-8fdf-aba79858f644 dataSourceKey=main
[34m2026-02-18 16:50:07 [debug] acl parsedParams                            [39m module=systemSettings submodule=get app=main reqId=affd64e1-60ef-4a84-8fdf-aba79858f644 dataSourceKey=main
[34m2026-02-18 16:50:07 [debug] ctx permission                              [39m meta={"can":{"role":"root","resource":"roles","action":"check"},"resourceName":"roles","actionName":"check","skip":true} module=roles submodule=check app=main reqId=88e1325b-dbfb-4b82-a890-60db52f43d73 dataSourceKey=main
[34m2026-02-18 16:50:07 [debug] acl params                                  [39m module=roles submodule=check app=main reqId=88e1325b-dbfb-4b82-a890-60db52f43d73 dataSourceKey=main
[34m2026-02-18 16:50:07 [debug] acl parsedParams                            [39m module=roles submodule=check app=main reqId=88e1325b-dbfb-4b82-a890-60db52f43d73 dataSourceKey=main
[34m2026-02-18 16:50:07 [debug] ctx permission                              [39m meta={"can":null,"resourceName":"blockTemplates","actionName":"list","skip":true} module=blockTemplates submodule=list app=main reqId=6e77f2e2-5832-437f-a07b-85f9eff24982 dataSourceKey=main
[34m2026-02-18 16:50:07 [debug] acl params                                  [39m module=blockTemplates submodule=list app=main reqId=6e77f2e2-5832-437f-a07b-85f9eff24982 dataSourceKey=main
[34m2026-02-18 16:50:07 [debug] acl parsedParams                            [39m module=blockTemplates submodule=list app=main reqId=6e77f2e2-5832-437f-a07b-85f9eff24982 dataSourceKey=main
[34m2026-02-18 16:50:07 [debug] ctx permission                              [39m meta={"can":null,"resourceName":"themeConfig","actionName":"list","skip":true} module=themeConfig submodule=list app=main reqId=93244352-d418-4c7c-86fd-50ddfa6564c9 dataSourceKey=main
[34m2026-02-18 16:50:07 [debug] acl params                                  [39m module=themeConfig submodule=list app=main reqId=93244352-d418-4c7c-86fd-50ddfa6564c9 dataSourceKey=main
[34m2026-02-18 16:50:07 [debug] acl parsedParams                            [39m module=themeConfig submodule=list app=main reqId=93244352-d418-4c7c-86fd-50ddfa6564c9 dataSourceKey=main
[34m2026-02-18 16:50:07 [debug] ctx permission                              [39m meta={"can":null,"resourceName":"userWorkflowTasks","actionName":"listMine","skip":true} module=userWorkflowTasks submodule=listMine app=main reqId=8f8a209c-9e4d-4b34-a3b3-35a7a6576d1c dataSourceKey=main
[34m2026-02-18 16:50:07 [debug] acl params                                  [39m module=userWorkflowTasks submodule=listMine app=main reqId=8f8a209c-9e4d-4b34-a3b3-35a7a6576d1c dataSourceKey=main
[34m2026-02-18 16:50:07 [debug] acl parsedParams                            [39m module=userWorkflowTasks submodule=listMine app=main reqId=8f8a209c-9e4d-4b34-a3b3-35a7a6576d1c dataSourceKey=main
[34m2026-02-18 16:50:07 [debug] ctx permission                              [39m meta={"can":{"role":"root","resource":"environmentVariables","action":"list"},"resourceName":"environmentVariables","actionName":"list","skip":true} app=main reqId=46a6b3c0-1e87-4c2b-842c-4044fa9f06d9 dataSourceKey=main
[34m2026-02-18 16:50:07 [debug] acl params                                  [39m app=main reqId=46a6b3c0-1e87-4c2b-842c-4044fa9f06d9 dataSourceKey=main
[34m2026-02-18 16:50:07 [debug] acl parsedParams                            [39m app=main reqId=46a6b3c0-1e87-4c2b-842c-4044fa9f06d9 dataSourceKey=main
[34m2026-02-18 16:50:07 [debug] ctx permission                              [39m meta={"can":null,"resourceName":"desktopRoutes","actionName":"listAccessible","skip":true} module=desktopRoutes submodule=listAccessible app=main reqId=e5ab5104-2714-4085-aed4-318cb085fc70 dataSourceKey=main
[34m2026-02-18 16:50:07 [debug] acl params                                  [39m module=desktopRoutes submodule=listAccessible app=main reqId=e5ab5104-2714-4085-aed4-318cb085fc70 dataSourceKey=main
[34m2026-02-18 16:50:07 [debug] acl parsedParams                            [39m module=desktopRoutes submodule=listAccessible app=main reqId=e5ab5104-2714-4085-aed4-318cb085fc70 dataSourceKey=main
[34m2026-02-18 16:50:07 [debug] ctx permission                              [39m meta={"can":null,"resourceName":"asyncTasks","actionName":"list","skip":true} module=asyncTasks submodule=list app=main reqId=da681003-e11b-4204-aad4-a1e184391a70 dataSourceKey=main
[34m2026-02-18 16:50:07 [debug] acl params                                  [39m module=asyncTasks submodule=list app=main reqId=da681003-e11b-4204-aad4-a1e184391a70 dataSourceKey=main
[34m2026-02-18 16:50:07 [debug] acl parsedParams                            [39m module=asyncTasks submodule=list app=main reqId=da681003-e11b-4204-aad4-a1e184391a70 dataSourceKey=main
[34m2026-02-18 16:50:07 [debug] ctx permission                              [39m meta={"can":null,"resourceName":"myInAppMessages","actionName":"count","skip":true} module=myInAppMessages submodule=count app=main reqId=1c36d054-ab16-4e35-be9c-0024551b792c dataSourceKey=main
[34m2026-02-18 16:50:07 [debug] acl params                                  [39m module=myInAppMessages submodule=count app=main reqId=1c36d054-ab16-4e35-be9c-0024551b792c dataSourceKey=main
[34m2026-02-18 16:50:07 [debug] acl parsedParams                            [39m module=myInAppMessages submodule=count app=main reqId=1c36d054-ab16-4e35-be9c-0024551b792c dataSourceKey=main
[34m2026-02-18 16:50:07 [debug] ctx permission                              [39m meta={"can":{"role":"root","resource":"uiSchemaTemplates","action":"list"},"resourceName":"uiSchemaTemplates","actionName":"list","skip":true} module=uiSchemaTemplates submodule=list app=main reqId=79d01434-19bd-4e7c-910e-e3eb1e53f166 dataSourceKey=main
[34m2026-02-18 16:50:07 [debug] acl params                                  [39m module=uiSchemaTemplates submodule=list app=main reqId=79d01434-19bd-4e7c-910e-e3eb1e53f166 dataSourceKey=main
[34m2026-02-18 16:50:07 [debug] acl parsedParams                            [39m module=uiSchemaTemplates submodule=list app=main reqId=79d01434-19bd-4e7c-910e-e3eb1e53f166 dataSourceKey=main
[34m2026-02-18 16:50:07 [debug] ctx permission                              [39m meta={"can":null,"resourceName":"app","actionName":"getInfo","skip":true} module=app submodule=getInfo app=main reqId=49850f77-a098-4ae6-980f-9666c3e5e58f dataSourceKey=main
[34m2026-02-18 16:50:07 [debug] acl params                                  [39m module=app submodule=getInfo app=main reqId=49850f77-a098-4ae6-980f-9666c3e5e58f dataSourceKey=main
[34m2026-02-18 16:50:07 [debug] acl parsedParams                            [39m module=app submodule=getInfo app=main reqId=49850f77-a098-4ae6-980f-9666c3e5e58f dataSourceKey=main
[34m2026-02-18 16:50:07 [debug] ctx permission                              [39m meta={"can":{"role":"root","resource":"dataSources","action":"listEnabled"},"resourceName":"dataSources","actionName":"listEnabled","skip":true} module=dataSources submodule=listEnabled app=main reqId=ac4359e8-28ff-4401-ba8b-dc5c0e92b592 dataSourceKey=main
[34m2026-02-18 16:50:07 [debug] acl params                                  [39m module=dataSources submodule=listEnabled app=main reqId=ac4359e8-28ff-4401-ba8b-dc5c0e92b592 dataSourceKey=main
[34m2026-02-18 16:50:07 [debug] acl parsedParams                            [39m module=dataSources submodule=listEnabled app=main reqId=ac4359e8-28ff-4401-ba8b-dc5c0e92b592 dataSourceKey=main
[34m2026-02-18 16:50:07 [debug] ctx permission                              [39m meta={"can":{"role":"root","resource":"collections","action":"listMeta"},"resourceName":"collections","actionName":"listMeta","skip":true} module=collections submodule=listMeta app=main reqId=02617e3d-9057-4ed7-95b9-3178be060f93 dataSourceKey=main
[34m2026-02-18 16:50:07 [debug] acl params                                  [39m module=collections submodule=listMeta app=main reqId=02617e3d-9057-4ed7-95b9-3178be060f93 dataSourceKey=main
[34m2026-02-18 16:50:07 [debug] acl parsedParams                            [39m module=collections submodule=listMeta app=main reqId=02617e3d-9057-4ed7-95b9-3178be060f93 dataSourceKey=main
[34m2026-02-18 16:50:08 [debug] ctx permission                              [39m meta={"can":{"role":"root","resource":"users","action":"list"},"resourceName":"users","actionName":"list","skip":true} module=users submodule=list app=main reqId=590b363f-54b7-47df-aae1-75080cf50abe dataSourceKey=main
[34m2026-02-18 16:50:08 [debug] acl params                                  [39m module=users submodule=list app=main reqId=590b363f-54b7-47df-aae1-75080cf50abe dataSourceKey=main
[34m2026-02-18 16:50:08 [debug] acl parsedParams                            [39m module=users submodule=list app=main reqId=590b363f-54b7-47df-aae1-75080cf50abe dataSourceKey=main
[34m2026-02-18 17:00:00 [debug] Running cleanup for completed tasks...      [39m module=application app=main reqId=f225015f-6fd1-4a96-9918-e1cef4c6673a dataSourceKey=main
[34m2026-02-18 17:00:00 [debug] Found 0 tasks to cleanup                    [39m module=application app=main reqId=f225015f-6fd1-4a96-9918-e1cef4c6673a dataSourceKey=main
[34m2026-02-18 17:10:26 [debug] Running cleanup for completed tasks...      [39m module=application app=main reqId=f225015f-6fd1-4a96-9918-e1cef4c6673a dataSourceKey=main
[34m2026-02-18 17:10:26 [debug] Found 0 tasks to cleanup                    [39m module=application app=main reqId=f225015f-6fd1-4a96-9918-e1cef4c6673a dataSourceKey=main
[34m2026-02-18 17:25:50 [debug] Running cleanup for completed tasks...      [39m module=application app=main reqId=f225015f-6fd1-4a96-9918-e1cef4c6673a dataSourceKey=main
[34m2026-02-18 17:25:50 [debug] Found 0 tasks to cleanup                    [39m module=application app=main reqId=f225015f-6fd1-4a96-9918-e1cef4c6673a dataSourceKey=main
[34m2026-02-18 17:31:17 [debug] Running cleanup for completed tasks...      [39m module=application app=main reqId=f225015f-6fd1-4a96-9918-e1cef4c6673a dataSourceKey=main
[34m2026-02-18 17:31:17 [debug] Found 0 tasks to cleanup                    [39m module=application app=main reqId=f225015f-6fd1-4a96-9918-e1cef4c6673a dataSourceKey=main
[34m2026-02-18 17:32:39 [debug] Running cleanup for completed tasks...      [39m module=application app=main reqId=f225015f-6fd1-4a96-9918-e1cef4c6673a dataSourceKey=main
[34m2026-02-18 17:32:39 [debug] Found 0 tasks to cleanup                    [39m module=application app=main reqId=f225015f-6fd1-4a96-9918-e1cef4c6673a dataSourceKey=main
[34m2026-02-18 17:48:13 [debug] Running cleanup for completed tasks...      [39m module=application app=main reqId=f225015f-6fd1-4a96-9918-e1cef4c6673a dataSourceKey=main
[34m2026-02-18 17:48:13 [debug] Found 0 tasks to cleanup                    [39m module=application app=main reqId=f225015f-6fd1-4a96-9918-e1cef4c6673a dataSourceKey=main
[34m2026-02-18 18:05:31 [debug] Running cleanup for completed tasks...      [39m module=application app=main reqId=f225015f-6fd1-4a96-9918-e1cef4c6673a dataSourceKey=main
[34m2026-02-18 18:05:31 [debug] Found 0 tasks to cleanup                    [39m module=application app=main reqId=f225015f-6fd1-4a96-9918-e1cef4c6673a dataSourceKey=main
[34m2026-02-18 18:22:27 [debug] Running cleanup for completed tasks...      [39m module=application app=main reqId=f225015f-6fd1-4a96-9918-e1cef4c6673a dataSourceKey=main
[34m2026-02-18 18:22:27 [debug] Found 0 tasks to cleanup                    [39m module=application app=main reqId=f225015f-6fd1-4a96-9918-e1cef4c6673a dataSourceKey=main
[34m2026-02-18 18:38:09 [debug] Running cleanup for completed tasks...      [39m module=application app=main reqId=f225015f-6fd1-4a96-9918-e1cef4c6673a dataSourceKey=main
[34m2026-02-18 18:38:09 [debug] Found 0 tasks to cleanup                    [39m module=application app=main reqId=f225015f-6fd1-4a96-9918-e1cef4c6673a dataSourceKey=main
[34m2026-02-18 18:51:06 [debug] Running cleanup for completed tasks...      [39m module=application app=main reqId=f225015f-6fd1-4a96-9918-e1cef4c6673a dataSourceKey=main
[34m2026-02-18 18:51:06 [debug] Found 0 tasks to cleanup                    [39m module=application app=main reqId=f225015f-6fd1-4a96-9918-e1cef4c6673a dataSourceKey=main
[34m2026-02-18 19:00:11 [debug] Running cleanup for completed tasks...      [39m module=application app=main reqId=f225015f-6fd1-4a96-9918-e1cef4c6673a dataSourceKey=main
[34m2026-02-18 19:00:11 [debug] Found 0 tasks to cleanup                    [39m module=application app=main reqId=f225015f-6fd1-4a96-9918-e1cef4c6673a dataSourceKey=main
[34m2026-02-18 19:18:47 [debug] Running cleanup for completed tasks...      [39m module=application app=main reqId=f225015f-6fd1-4a96-9918-e1cef4c6673a dataSourceKey=main
[34m2026-02-18 19:18:47 [debug] Found 0 tasks to cleanup                    [39m module=application app=main reqId=f225015f-6fd1-4a96-9918-e1cef4c6673a dataSourceKey=main
[34m2026-02-18 19:22:26 [debug] Running cleanup for completed tasks...      [39m module=application app=main reqId=f225015f-6fd1-4a96-9918-e1cef4c6673a dataSourceKey=main
[34m2026-02-18 19:22:26 [debug] Found 0 tasks to cleanup                    [39m module=application app=main reqId=f225015f-6fd1-4a96-9918-e1cef4c6673a dataSourceKey=main
[34m2026-02-18 19:39:53 [debug] Running cleanup for completed tasks...      [39m module=application app=main reqId=f225015f-6fd1-4a96-9918-e1cef4c6673a dataSourceKey=main
[34m2026-02-18 19:39:53 [debug] Found 0 tasks to cleanup                    [39m module=application app=main reqId=f225015f-6fd1-4a96-9918-e1cef4c6673a dataSourceKey=main
[34m2026-02-18 19:52:07 [debug] Running cleanup for completed tasks...      [39m module=application app=main reqId=f225015f-6fd1-4a96-9918-e1cef4c6673a dataSourceKey=main
[34m2026-02-18 19:52:07 [debug] Found 0 tasks to cleanup                    [39m module=application app=main reqId=f225015f-6fd1-4a96-9918-e1cef4c6673a dataSourceKey=main
[34m2026-02-18 19:57:05 [debug] Running cleanup for completed tasks...      [39m module=application app=main reqId=f225015f-6fd1-4a96-9918-e1cef4c6673a dataSourceKey=main
[34m2026-02-18 19:57:05 [debug] Found 0 tasks to cleanup                    [39m module=application app=main reqId=f225015f-6fd1-4a96-9918-e1cef4c6673a dataSourceKey=main
[34m2026-02-18 20:15:00 [debug] Running cleanup for completed tasks...      [39m module=application app=main reqId=f225015f-6fd1-4a96-9918-e1cef4c6673a dataSourceKey=main
[34m2026-02-18 20:15:00 [debug] Found 0 tasks to cleanup                    [39m module=application app=main reqId=f225015f-6fd1-4a96-9918-e1cef4c6673a dataSourceKey=main
[34m2026-02-18 20:33:01 [debug] Running cleanup for completed tasks...      [39m module=application app=main reqId=f225015f-6fd1-4a96-9918-e1cef4c6673a dataSourceKey=main
[34m2026-02-18 20:33:01 [debug] Found 0 tasks to cleanup                    [39m module=application app=main reqId=f225015f-6fd1-4a96-9918-e1cef4c6673a dataSourceKey=main
[34m2026-02-18 20:50:41 [debug] Running cleanup for completed tasks...      [39m module=application app=main reqId=f225015f-6fd1-4a96-9918-e1cef4c6673a dataSourceKey=main
[34m2026-02-18 20:50:41 [debug] Found 0 tasks to cleanup                    [39m module=application app=main reqId=f225015f-6fd1-4a96-9918-e1cef4c6673a dataSourceKey=main
[34m2026-02-18 20:53:07 [debug] Running cleanup for completed tasks...      [39m module=application app=main reqId=f225015f-6fd1-4a96-9918-e1cef4c6673a dataSourceKey=main
[34m2026-02-18 20:53:07 [debug] Found 0 tasks to cleanup                    [39m module=application app=main reqId=f225015f-6fd1-4a96-9918-e1cef4c6673a dataSourceKey=main
[34m2026-02-18 20:54:23 [debug] Running cleanup for completed tasks...      [39m module=application app=main reqId=f225015f-6fd1-4a96-9918-e1cef4c6673a dataSourceKey=main
[34m2026-02-18 20:54:23 [debug] Found 0 tasks to cleanup                    [39m module=application app=main reqId=f225015f-6fd1-4a96-9918-e1cef4c6673a dataSourceKey=main
[34m2026-02-18 20:54:28 [debug] ctx permission                              [39m meta={"can":null,"resourceName":"app","actionName":"getLang","skip":true} module=app submodule=getLang app=main reqId=b014f078-38c4-44ca-a14d-f6e8ad57fdda dataSourceKey=main
[34m2026-02-18 20:54:28 [debug] acl params                                  [39m module=app submodule=getLang app=main reqId=b014f078-38c4-44ca-a14d-f6e8ad57fdda dataSourceKey=main
[34m2026-02-18 20:54:28 [debug] acl parsedParams                            [39m module=app submodule=getLang app=main reqId=b014f078-38c4-44ca-a14d-f6e8ad57fdda dataSourceKey=main
[33m2026-02-18 20:54:28 [warn]  [PubSubManager] adapter is not exist or not connected, cannot publish message to channel main.sync.localeManager[39m module=application app=main reqId=f225015f-6fd1-4a96-9918-e1cef4c6673a dataSourceKey=main
[34m2026-02-18 20:54:28 [debug] ctx permission                              [39m meta={"can":null,"resourceName":"pm","actionName":"listEnabled","skip":true} module=pm submodule=listEnabled app=main reqId=e65ba0d0-8ab3-465d-b50a-d3c148fb1295 dataSourceKey=main
[34m2026-02-18 20:54:28 [debug] acl params                                  [39m module=pm submodule=listEnabled app=main reqId=e65ba0d0-8ab3-465d-b50a-d3c148fb1295 dataSourceKey=main
[34m2026-02-18 20:54:28 [debug] acl parsedParams                            [39m module=pm submodule=listEnabled app=main reqId=e65ba0d0-8ab3-465d-b50a-d3c148fb1295 dataSourceKey=main
[34m2026-02-18 20:54:28 [debug] ctx permission                              [39m meta={"can":null,"resourceName":"auth","actionName":"check","skip":true} module=auth submodule=check app=main reqId=7fdb06a0-24d8-41b2-94ec-9fb490aefdf8 dataSourceKey=main
[34m2026-02-18 20:54:28 [debug] acl params                                  [39m module=auth submodule=check app=main reqId=7fdb06a0-24d8-41b2-94ec-9fb490aefdf8 dataSourceKey=main
[34m2026-02-18 20:54:28 [debug] acl parsedParams                            [39m module=auth submodule=check app=main reqId=7fdb06a0-24d8-41b2-94ec-9fb490aefdf8 dataSourceKey=main
[34m2026-02-18 20:54:28 [debug] ctx permission                              [39m meta={"can":null,"resourceName":"systemSettings","actionName":"get","skip":true} module=systemSettings submodule=get app=main reqId=0f654473-67b0-479e-a66c-2555fade3794 dataSourceKey=main
[34m2026-02-18 20:54:28 [debug] acl params                                  [39m module=systemSettings submodule=get app=main reqId=0f654473-67b0-479e-a66c-2555fade3794 dataSourceKey=main
[34m2026-02-18 20:54:28 [debug] acl parsedParams                            [39m module=systemSettings submodule=get app=main reqId=0f654473-67b0-479e-a66c-2555fade3794 dataSourceKey=main
[34m2026-02-18 20:54:28 [debug] ctx permission                              [39m meta={"can":{"role":"root","resource":"roles","action":"check"},"resourceName":"roles","actionName":"check","skip":true} module=roles submodule=check app=main reqId=e3e45802-59a0-42f5-b708-1dcc24a69211 dataSourceKey=main
[34m2026-02-18 20:54:28 [debug] acl params                                  [39m module=roles submodule=check app=main reqId=e3e45802-59a0-42f5-b708-1dcc24a69211 dataSourceKey=main
[34m2026-02-18 20:54:28 [debug] acl parsedParams                            [39m module=roles submodule=check app=main reqId=e3e45802-59a0-42f5-b708-1dcc24a69211 dataSourceKey=main
[34m2026-02-18 20:54:28 [debug] ctx permission                              [39m meta={"can":null,"resourceName":"blockTemplates","actionName":"list","skip":true} module=blockTemplates submodule=list app=main reqId=12eb7325-a5a9-4122-878c-70f85cd06037 dataSourceKey=main
[34m2026-02-18 20:54:28 [debug] acl params                                  [39m module=blockTemplates submodule=list app=main reqId=12eb7325-a5a9-4122-878c-70f85cd06037 dataSourceKey=main
[34m2026-02-18 20:54:28 [debug] acl parsedParams                            [39m module=blockTemplates submodule=list app=main reqId=12eb7325-a5a9-4122-878c-70f85cd06037 dataSourceKey=main
[34m2026-02-18 20:54:28 [debug] ctx permission                              [39m meta={"can":null,"resourceName":"themeConfig","actionName":"list","skip":true} module=themeConfig submodule=list app=main reqId=8c6278cd-c42a-4ec4-a16d-5baa4b973295 dataSourceKey=main
[34m2026-02-18 20:54:28 [debug] acl params                                  [39m module=themeConfig submodule=list app=main reqId=8c6278cd-c42a-4ec4-a16d-5baa4b973295 dataSourceKey=main
[34m2026-02-18 20:54:28 [debug] acl parsedParams                            [39m module=themeConfig submodule=list app=main reqId=8c6278cd-c42a-4ec4-a16d-5baa4b973295 dataSourceKey=main
[34m2026-02-18 20:54:28 [debug] ctx permission                              [39m meta={"can":null,"resourceName":"userWorkflowTasks","actionName":"listMine","skip":true} module=userWorkflowTasks submodule=listMine app=main reqId=2eb326c5-692b-41d3-b713-91afc0913d19 dataSourceKey=main
[34m2026-02-18 20:54:28 [debug] acl params                                  [39m module=userWorkflowTasks submodule=listMine app=main reqId=2eb326c5-692b-41d3-b713-91afc0913d19 dataSourceKey=main
[34m2026-02-18 20:54:28 [debug] acl parsedParams                            [39m module=userWorkflowTasks submodule=listMine app=main reqId=2eb326c5-692b-41d3-b713-91afc0913d19 dataSourceKey=main
[34m2026-02-18 20:54:28 [debug] ctx permission                              [39m meta={"can":{"role":"root","resource":"environmentVariables","action":"list"},"resourceName":"environmentVariables","actionName":"list","skip":true} app=main reqId=e59b5a51-4e6a-419d-9715-1596cac38d3c dataSourceKey=main
[34m2026-02-18 20:54:28 [debug] acl params                                  [39m app=main reqId=e59b5a51-4e6a-419d-9715-1596cac38d3c dataSourceKey=main
[34m2026-02-18 20:54:28 [debug] acl parsedParams                            [39m app=main reqId=e59b5a51-4e6a-419d-9715-1596cac38d3c dataSourceKey=main
[34m2026-02-18 20:54:28 [debug] ctx permission                              [39m meta={"can":null,"resourceName":"desktopRoutes","actionName":"listAccessible","skip":true} module=desktopRoutes submodule=listAccessible app=main reqId=33401175-d313-4a5f-a772-e13db12b50dd dataSourceKey=main
[34m2026-02-18 20:54:28 [debug] acl params                                  [39m module=desktopRoutes submodule=listAccessible app=main reqId=33401175-d313-4a5f-a772-e13db12b50dd dataSourceKey=main
[34m2026-02-18 20:54:28 [debug] acl parsedParams                            [39m module=desktopRoutes submodule=listAccessible app=main reqId=33401175-d313-4a5f-a772-e13db12b50dd dataSourceKey=main
[34m2026-02-18 20:54:29 [debug] ctx permission                              [39m meta={"can":null,"resourceName":"asyncTasks","actionName":"list","skip":true} module=asyncTasks submodule=list app=main reqId=41f63f15-1f47-4d08-8c19-5ed843359b78 dataSourceKey=main
[34m2026-02-18 20:54:29 [debug] acl params                                  [39m module=asyncTasks submodule=list app=main reqId=41f63f15-1f47-4d08-8c19-5ed843359b78 dataSourceKey=main
[34m2026-02-18 20:54:29 [debug] acl parsedParams                            [39m module=asyncTasks submodule=list app=main reqId=41f63f15-1f47-4d08-8c19-5ed843359b78 dataSourceKey=main
[34m2026-02-18 20:54:29 [debug] ctx permission                              [39m meta={"can":null,"resourceName":"myInAppMessages","actionName":"count","skip":true} module=myInAppMessages submodule=count app=main reqId=770849d3-5e9d-49bf-a3a0-e87830c7a621 dataSourceKey=main
[34m2026-02-18 20:54:29 [debug] acl params                                  [39m module=myInAppMessages submodule=count app=main reqId=770849d3-5e9d-49bf-a3a0-e87830c7a621 dataSourceKey=main
[34m2026-02-18 20:54:29 [debug] acl parsedParams                            [39m module=myInAppMessages submodule=count app=main reqId=770849d3-5e9d-49bf-a3a0-e87830c7a621 dataSourceKey=main
[34m2026-02-18 20:54:29 [debug] ctx permission                              [39m meta={"can":{"role":"root","resource":"uiSchemaTemplates","action":"list"},"resourceName":"uiSchemaTemplates","actionName":"list","skip":true} module=uiSchemaTemplates submodule=list app=main reqId=b81ab0a6-022a-4cd3-b9f0-0b12a505b748 dataSourceKey=main
[34m2026-02-18 20:54:29 [debug] acl params                                  [39m module=uiSchemaTemplates submodule=list app=main reqId=b81ab0a6-022a-4cd3-b9f0-0b12a505b748 dataSourceKey=main
[34m2026-02-18 20:54:29 [debug] acl parsedParams                            [39m module=uiSchemaTemplates submodule=list app=main reqId=b81ab0a6-022a-4cd3-b9f0-0b12a505b748 dataSourceKey=main
[34m2026-02-18 20:54:29 [debug] ctx permission                              [39m meta={"can":null,"resourceName":"app","actionName":"getInfo","skip":true} module=app submodule=getInfo app=main reqId=fc622815-0514-4731-a00d-ffab3a2dc866 dataSourceKey=main
[34m2026-02-18 20:54:29 [debug] acl params                                  [39m module=app submodule=getInfo app=main reqId=fc622815-0514-4731-a00d-ffab3a2dc866 dataSourceKey=main
[34m2026-02-18 20:54:29 [debug] acl parsedParams                            [39m module=app submodule=getInfo app=main reqId=fc622815-0514-4731-a00d-ffab3a2dc866 dataSourceKey=main
[34m2026-02-18 20:54:29 [debug] ctx permission                              [39m meta={"can":{"role":"root","resource":"dataSources","action":"listEnabled"},"resourceName":"dataSources","actionName":"listEnabled","skip":true} module=dataSources submodule=listEnabled app=main reqId=af1da006-861a-48c6-9be5-6e9b7ffa2ee2 dataSourceKey=main
[34m2026-02-18 20:54:29 [debug] acl params                                  [39m module=dataSources submodule=listEnabled app=main reqId=af1da006-861a-48c6-9be5-6e9b7ffa2ee2 dataSourceKey=main
[34m2026-02-18 20:54:29 [debug] acl parsedParams                            [39m module=dataSources submodule=listEnabled app=main reqId=af1da006-861a-48c6-9be5-6e9b7ffa2ee2 dataSourceKey=main
[34m2026-02-18 20:54:29 [debug] ctx permission                              [39m meta={"can":{"role":"root","resource":"collections","action":"listMeta"},"resourceName":"collections","actionName":"listMeta","skip":true} module=collections submodule=listMeta app=main reqId=9bff4b01-e52a-4397-b7d3-f98631689836 dataSourceKey=main
[34m2026-02-18 20:54:29 [debug] acl params                                  [39m module=collections submodule=listMeta app=main reqId=9bff4b01-e52a-4397-b7d3-f98631689836 dataSourceKey=main
[34m2026-02-18 20:54:29 [debug] acl parsedParams                            [39m module=collections submodule=listMeta app=main reqId=9bff4b01-e52a-4397-b7d3-f98631689836 dataSourceKey=main
[34m2026-02-18 20:54:29 [debug] ctx permission                              [39m meta={"can":{"role":"root","resource":"users","action":"list"},"resourceName":"users","actionName":"list","skip":true} module=users submodule=list app=main reqId=c7326e91-0760-4c2a-a03a-dbc9b10ac1d4 dataSourceKey=main
[34m2026-02-18 20:54:29 [debug] acl params                                  [39m module=users submodule=list app=main reqId=c7326e91-0760-4c2a-a03a-dbc9b10ac1d4 dataSourceKey=main
[34m2026-02-18 20:54:29 [debug] acl parsedParams                            [39m module=users submodule=list app=main reqId=c7326e91-0760-4c2a-a03a-dbc9b10ac1d4 dataSourceKey=main
[34m2026-02-18 21:02:01 [debug] Running cleanup for completed tasks...      [39m module=application app=main reqId=f225015f-6fd1-4a96-9918-e1cef4c6673a dataSourceKey=main
[34m2026-02-18 21:02:01 [debug] Found 0 tasks to cleanup                    [39m module=application app=main reqId=f225015f-6fd1-4a96-9918-e1cef4c6673a dataSourceKey=main
[34m2026-02-18 21:17:56 [debug] Running cleanup for completed tasks...      [39m module=application app=main reqId=f225015f-6fd1-4a96-9918-e1cef4c6673a dataSourceKey=main
[34m2026-02-18 21:17:56 [debug] Found 0 tasks to cleanup                    [39m module=application app=main reqId=f225015f-6fd1-4a96-9918-e1cef4c6673a dataSourceKey=main
[34m2026-02-18 21:33:05 [debug] Running cleanup for completed tasks...      [39m module=application app=main reqId=f225015f-6fd1-4a96-9918-e1cef4c6673a dataSourceKey=main
[34m2026-02-18 21:33:05 [debug] Found 0 tasks to cleanup                    [39m module=application app=main reqId=f225015f-6fd1-4a96-9918-e1cef4c6673a dataSourceKey=main
[34m2026-02-18 21:45:19 [debug] Running cleanup for completed tasks...      [39m module=application app=main reqId=f225015f-6fd1-4a96-9918-e1cef4c6673a dataSourceKey=main
[34m2026-02-18 21:45:19 [debug] Found 0 tasks to cleanup                    [39m module=application app=main reqId=f225015f-6fd1-4a96-9918-e1cef4c6673a dataSourceKey=main
[34m2026-02-18 21:54:08 [debug] Running cleanup for completed tasks...      [39m module=application app=main reqId=f225015f-6fd1-4a96-9918-e1cef4c6673a dataSourceKey=main
[34m2026-02-18 21:54:08 [debug] Found 0 tasks to cleanup                    [39m module=application app=main reqId=f225015f-6fd1-4a96-9918-e1cef4c6673a dataSourceKey=main
[34m2026-02-18 22:09:25 [debug] Running cleanup for completed tasks...      [39m module=application app=main reqId=f225015f-6fd1-4a96-9918-e1cef4c6673a dataSourceKey=main
[34m2026-02-18 22:09:25 [debug] Found 0 tasks to cleanup                    [39m module=application app=main reqId=f225015f-6fd1-4a96-9918-e1cef4c6673a dataSourceKey=main
[34m2026-02-18 22:16:49 [debug] Running cleanup for completed tasks...      [39m module=application app=main reqId=f225015f-6fd1-4a96-9918-e1cef4c6673a dataSourceKey=main
[34m2026-02-18 22:16:49 [debug] Found 0 tasks to cleanup                    [39m module=application app=main reqId=f225015f-6fd1-4a96-9918-e1cef4c6673a dataSourceKey=main
[34m2026-02-18 22:34:31 [debug] Running cleanup for completed tasks...      [39m module=application app=main reqId=f225015f-6fd1-4a96-9918-e1cef4c6673a dataSourceKey=main
[34m2026-02-18 22:34:31 [debug] Found 0 tasks to cleanup                    [39m module=application app=main reqId=f225015f-6fd1-4a96-9918-e1cef4c6673a dataSourceKey=main
[34m2026-02-18 22:50:20 [debug] Running cleanup for completed tasks...      [39m module=application app=main reqId=f225015f-6fd1-4a96-9918-e1cef4c6673a dataSourceKey=main
[34m2026-02-18 22:50:20 [debug] Found 0 tasks to cleanup                    [39m module=application app=main reqId=f225015f-6fd1-4a96-9918-e1cef4c6673a dataSourceKey=main
[34m2026-02-18 22:55:09 [debug] Running cleanup for completed tasks...      [39m module=application app=main reqId=f225015f-6fd1-4a96-9918-e1cef4c6673a dataSourceKey=main
[34m2026-02-18 22:55:09 [debug] Found 0 tasks to cleanup                    [39m module=application app=main reqId=f225015f-6fd1-4a96-9918-e1cef4c6673a dataSourceKey=main
[34m2026-02-18 23:12:11 [debug] Running cleanup for completed tasks...      [39m module=application app=main reqId=f225015f-6fd1-4a96-9918-e1cef4c6673a dataSourceKey=main
[34m2026-02-18 23:12:11 [debug] Found 0 tasks to cleanup                    [39m module=application app=main reqId=f225015f-6fd1-4a96-9918-e1cef4c6673a dataSourceKey=main
[34m2026-02-18 23:27:27 [debug] Running cleanup for completed tasks...      [39m module=application app=main reqId=f225015f-6fd1-4a96-9918-e1cef4c6673a dataSourceKey=main
[34m2026-02-18 23:27:27 [debug] Found 0 tasks to cleanup                    [39m module=application app=main reqId=f225015f-6fd1-4a96-9918-e1cef4c6673a dataSourceKey=main
[34m2026-02-18 23:28:44 [debug] Running cleanup for completed tasks...      [39m module=application app=main reqId=f225015f-6fd1-4a96-9918-e1cef4c6673a dataSourceKey=main
[34m2026-02-18 23:28:44 [debug] Found 0 tasks to cleanup                    [39m module=application app=main reqId=f225015f-6fd1-4a96-9918-e1cef4c6673a dataSourceKey=main
[34m2026-02-18 23:44:13 [debug] Running cleanup for completed tasks...      [39m module=application app=main reqId=f225015f-6fd1-4a96-9918-e1cef4c6673a dataSourceKey=main
[34m2026-02-18 23:44:13 [debug] Found 0 tasks to cleanup                    [39m module=application app=main reqId=f225015f-6fd1-4a96-9918-e1cef4c6673a dataSourceKey=main
[34m2026-02-18 23:56:09 [debug] Running cleanup for completed tasks...      [39m module=application app=main reqId=f225015f-6fd1-4a96-9918-e1cef4c6673a dataSourceKey=main
[34m2026-02-18 23:56:09 [debug] Found 0 tasks to cleanup                    [39m module=application app=main reqId=f225015f-6fd1-4a96-9918-e1cef4c6673a dataSourceKey=main
