[34m2026-03-25 09:33:59 [debug] create database instance: {"sync":{"alter":{"drop":false},"force":false},"logging":false,"dialect":"mysql","username":"nocobase","database":"nocobase","port":"3306","timezone":"+00:00","underscored":false,"pool":{},"migrator":{"context":{"app":{"appName":"main","name":"main"}}},"logger":{},"rawTimezone":"+00:00"}[39m meta={"databaseInstanceId":"A24s3GIiPWj-iKkc7xV07"} module=database app=main reqId=ebc649e6-abb1-4308-bf01-474e56350d71 dataSourceKey=main
[32m2026-03-25 09:33:59 [info]  add app main into supervisor                [39m module=application submodule=supervisor method=addApp app=main reqId=ebc649e6-abb1-4308-bf01-474e56350d71 dataSourceKey=main
[32m2026-03-25 09:33:59 [info]  connection has been established successfully.[39m module=database method=auth app=main reqId=ebc649e6-abb1-4308-bf01-474e56350d71 dataSourceKey=main
[34m2026-03-25 09:33:59 [debug] init plugins                                [39m module=application app=main reqId=ebc649e6-abb1-4308-bf01-474e56350d71 dataSourceKey=main
[34m2026-03-25 09:34:00 [debug] loading app...                              [39m module=application app=main reqId=ebc649e6-abb1-4308-bf01-474e56350d71 dataSourceKey=main
[32m2026-03-25 09:34:00 [info]  allocate worker id: 21                      [39m module=application method=load app=main reqId=ebc649e6-abb1-4308-bf01-474e56350d71 dataSourceKey=main
[34m2026-03-25 09:34:00 [debug] loading plugins...                          [39m module=application app=main reqId=ebc649e6-abb1-4308-bf01-474e56350d71 dataSourceKey=main
[34m2026-03-25 09:34:00 [debug] Registering task type: command              [39m module=application app=main reqId=ebc649e6-abb1-4308-bf01-474e56350d71 dataSourceKey=main
[34m2026-03-25 09:34:00 [debug] Subscribed to background job topic: workflow.pendingExecution[39m module=application app=main reqId=ebc649e6-abb1-4308-bf01-474e56350d71 dataSourceKey=main
[34m2026-03-25 09:34:00 [debug] plugins loaded                              [39m module=application app=main reqId=ebc649e6-abb1-4308-bf01-474e56350d71 dataSourceKey=main
[34m2026-03-25 09:34:00 [debug] loading locale resource...                  [39m module=application submodule=locale method=onAfterLoad app=main reqId=ebc649e6-abb1-4308-bf01-474e56350d71 dataSourceKey=main
[33m2026-03-25 09:34:00 [warn]  [PubSubManager] adapter is not exist or not connected, cannot publish message to channel main.sync.localeManager[39m module=application app=main reqId=ebc649e6-abb1-4308-bf01-474e56350d71 dataSourceKey=main
[34m2026-03-25 09:34:00 [debug] locale resource loaded                      [39m module=application submodule=locale method=onAfterLoad app=main reqId=ebc649e6-abb1-4308-bf01-474e56350d71 dataSourceKey=main
[34m2026-03-25 09:34:00 [debug] starting app...                             [39m module=application app=main reqId=ebc649e6-abb1-4308-bf01-474e56350d71 dataSourceKey=main
[34m2026-03-25 09:34:00 [debug] loading custom collections                  [39m module=data-source-main method=loadCollections app=main reqId=ebc649e6-abb1-4308-bf01-474e56350d71 dataSourceKey=main
[34m2026-03-25 09:34:00 [debug] loading collections...                      [39m module=database app=main reqId=ebc649e6-abb1-4308-bf01-474e56350d71 dataSourceKey=main
[34m2026-03-25 09:34:00 [debug] collections loaded                          [39m module=database app=main reqId=ebc649e6-abb1-4308-bf01-474e56350d71 dataSourceKey=main
[32m2026-03-25 09:34:00 [info]  memory queue storage file not found, skip   [39m module=application app=main reqId=ebc649e6-abb1-4308-bf01-474e56350d71 dataSourceKey=main
[34m2026-03-25 09:34:00 [debug] connected to adapter, using memory? true    [39m module=application app=main reqId=ebc649e6-abb1-4308-bf01-474e56350d71 dataSourceKey=main
[32m2026-03-25 09:34:00 [info]  write roles to ACL                          [39m module=acl method=writeRolesToACL app=main reqId=ebc649e6-abb1-4308-bf01-474e56350d71 dataSourceKey=main
[32m2026-03-25 09:34:00 [info]  app has been started                        [39m module=application app=main reqId=ebc649e6-abb1-4308-bf01-474e56350d71 dataSourceKey=main
[34m2026-03-25 09:34:14 [debug] ctx permission                              [39m meta={"can":null,"resourceName":"app","actionName":"getLang","skip":true} module=app submodule=getLang app=main reqId=655813ef-cfc4-4d94-a723-18dcfaab4506 dataSourceKey=main
[34m2026-03-25 09:34:14 [debug] acl params                                  [39m module=app submodule=getLang app=main reqId=655813ef-cfc4-4d94-a723-18dcfaab4506 dataSourceKey=main
[34m2026-03-25 09:34:14 [debug] acl parsedParams                            [39m module=app submodule=getLang app=main reqId=655813ef-cfc4-4d94-a723-18dcfaab4506 dataSourceKey=main
[33m2026-03-25 09:34:14 [warn]  [PubSubManager] adapter is not exist or not connected, cannot publish message to channel main.sync.localeManager[39m module=application app=main reqId=ebc649e6-abb1-4308-bf01-474e56350d71 dataSourceKey=main
[34m2026-03-25 09:34:14 [debug] ctx permission                              [39m meta={"can":null,"resourceName":"pm","actionName":"listEnabled","skip":true} module=pm submodule=listEnabled app=main reqId=8d18cad9-6a3e-4eae-8d83-969b9b092b52 dataSourceKey=main
[34m2026-03-25 09:34:14 [debug] acl params                                  [39m module=pm submodule=listEnabled app=main reqId=8d18cad9-6a3e-4eae-8d83-969b9b092b52 dataSourceKey=main
[34m2026-03-25 09:34:14 [debug] acl parsedParams                            [39m module=pm submodule=listEnabled app=main reqId=8d18cad9-6a3e-4eae-8d83-969b9b092b52 dataSourceKey=main
[34m2026-03-25 09:34:14 [debug] ctx permission                              [39m meta={"can":null,"resourceName":"systemSettings","actionName":"get","skip":true} module=systemSettings submodule=get app=main reqId=841c733b-8ecc-4221-9a18-3bd0ad9a4f74 dataSourceKey=main
[34m2026-03-25 09:34:14 [debug] acl params                                  [39m module=systemSettings submodule=get app=main reqId=841c733b-8ecc-4221-9a18-3bd0ad9a4f74 dataSourceKey=main
[34m2026-03-25 09:34:14 [debug] acl parsedParams                            [39m module=systemSettings submodule=get app=main reqId=841c733b-8ecc-4221-9a18-3bd0ad9a4f74 dataSourceKey=main
[34m2026-03-25 09:34:14 [debug] ctx permission                              [39m meta={"can":null,"resourceName":"themeConfig","actionName":"list","skip":true} module=themeConfig submodule=list app=main reqId=e1a1ad01-cc60-4e05-98b2-c4504f045953 dataSourceKey=main
[34m2026-03-25 09:34:14 [debug] acl params                                  [39m module=themeConfig submodule=list app=main reqId=e1a1ad01-cc60-4e05-98b2-c4504f045953 dataSourceKey=main
[34m2026-03-25 09:34:14 [debug] acl parsedParams                            [39m module=themeConfig submodule=list app=main reqId=e1a1ad01-cc60-4e05-98b2-c4504f045953 dataSourceKey=main
[34m2026-03-25 09:34:14 [debug] ctx permission                              [39m meta={"can":null,"resourceName":"authenticators","actionName":"publicList","skip":true} module=authenticators submodule=publicList app=main reqId=31bd5ff3-2f8e-41be-8e75-6498b9443a83 dataSourceKey=main
[34m2026-03-25 09:34:14 [debug] acl params                                  [39m module=authenticators submodule=publicList app=main reqId=31bd5ff3-2f8e-41be-8e75-6498b9443a83 dataSourceKey=main
[34m2026-03-25 09:34:14 [debug] acl parsedParams                            [39m module=authenticators submodule=publicList app=main reqId=31bd5ff3-2f8e-41be-8e75-6498b9443a83 dataSourceKey=main
[34m2026-03-25 09:34:19 [debug] ctx permission                              [39m meta={"can":null,"resourceName":"auth","actionName":"signIn","skip":true} module=auth submodule=signIn app=main reqId=3d90d1e2-3328-487e-9147-d39b57df1c97 dataSourceKey=main
[34m2026-03-25 09:34:19 [debug] acl params                                  [39m module=auth submodule=signIn app=main reqId=3d90d1e2-3328-487e-9147-d39b57df1c97 dataSourceKey=main
[34m2026-03-25 09:34:19 [debug] acl parsedParams                            [39m module=auth submodule=signIn app=main reqId=3d90d1e2-3328-487e-9147-d39b57df1c97 dataSourceKey=main
[34m2026-03-25 09:34:19 [debug] ctx permission                              [39m meta={"can":null,"resourceName":"auth","actionName":"check","skip":true} module=auth submodule=check app=main reqId=e9c42475-9eb2-4aad-b88d-4c133dcbd52e dataSourceKey=main
[34m2026-03-25 09:34:19 [debug] acl params                                  [39m module=auth submodule=check app=main reqId=e9c42475-9eb2-4aad-b88d-4c133dcbd52e dataSourceKey=main
[34m2026-03-25 09:34:19 [debug] acl parsedParams                            [39m module=auth submodule=check app=main reqId=e9c42475-9eb2-4aad-b88d-4c133dcbd52e dataSourceKey=main
[34m2026-03-25 09:34:19 [debug] ctx permission                              [39m meta={"can":{"role":"root","resource":"roles","action":"check"},"resourceName":"roles","actionName":"check","skip":true} module=roles submodule=check app=main reqId=9cfca350-f5c6-4afe-b10b-c68776eade7a dataSourceKey=main
[34m2026-03-25 09:34:19 [debug] acl params                                  [39m module=roles submodule=check app=main reqId=9cfca350-f5c6-4afe-b10b-c68776eade7a dataSourceKey=main
[34m2026-03-25 09:34:19 [debug] acl parsedParams                            [39m module=roles submodule=check app=main reqId=9cfca350-f5c6-4afe-b10b-c68776eade7a dataSourceKey=main
[34m2026-03-25 09:34:19 [debug] ctx permission                              [39m meta={"can":null,"resourceName":"blockTemplates","actionName":"list","skip":true} module=blockTemplates submodule=list app=main reqId=f40c8dfc-3dfd-409a-8a16-155ce333fe6f dataSourceKey=main
[34m2026-03-25 09:34:19 [debug] acl params                                  [39m module=blockTemplates submodule=list app=main reqId=f40c8dfc-3dfd-409a-8a16-155ce333fe6f dataSourceKey=main
[34m2026-03-25 09:34:19 [debug] acl parsedParams                            [39m module=blockTemplates submodule=list app=main reqId=f40c8dfc-3dfd-409a-8a16-155ce333fe6f dataSourceKey=main
[34m2026-03-25 09:34:19 [debug] ctx permission                              [39m meta={"can":null,"resourceName":"themeConfig","actionName":"list","skip":true} module=themeConfig submodule=list app=main reqId=a03620c6-0034-453d-a254-d39f6279dd44 dataSourceKey=main
[34m2026-03-25 09:34:19 [debug] acl params                                  [39m module=themeConfig submodule=list app=main reqId=a03620c6-0034-453d-a254-d39f6279dd44 dataSourceKey=main
[34m2026-03-25 09:34:19 [debug] acl parsedParams                            [39m module=themeConfig submodule=list app=main reqId=a03620c6-0034-453d-a254-d39f6279dd44 dataSourceKey=main
[34m2026-03-25 09:34:19 [debug] ctx permission                              [39m meta={"can":null,"resourceName":"userWorkflowTasks","actionName":"listMine","skip":true} module=userWorkflowTasks submodule=listMine app=main reqId=594419ee-a737-4870-86fc-643186953693 dataSourceKey=main
[34m2026-03-25 09:34:19 [debug] acl params                                  [39m module=userWorkflowTasks submodule=listMine app=main reqId=594419ee-a737-4870-86fc-643186953693 dataSourceKey=main
[34m2026-03-25 09:34:19 [debug] acl parsedParams                            [39m module=userWorkflowTasks submodule=listMine app=main reqId=594419ee-a737-4870-86fc-643186953693 dataSourceKey=main
[34m2026-03-25 09:34:19 [debug] ctx permission                              [39m meta={"can":{"role":"root","resource":"environmentVariables","action":"list"},"resourceName":"environmentVariables","actionName":"list","skip":true} app=main reqId=e85fd282-38e2-455a-8690-f0816c7c0f31 dataSourceKey=main
[34m2026-03-25 09:34:19 [debug] acl params                                  [39m app=main reqId=e85fd282-38e2-455a-8690-f0816c7c0f31 dataSourceKey=main
[34m2026-03-25 09:34:19 [debug] acl parsedParams                            [39m app=main reqId=e85fd282-38e2-455a-8690-f0816c7c0f31 dataSourceKey=main
[34m2026-03-25 09:34:19 [debug] ctx permission                              [39m meta={"can":null,"resourceName":"systemSettings","actionName":"get","skip":true} module=systemSettings submodule=get app=main reqId=6138c72e-d945-43e4-b5d0-45c58be9870b dataSourceKey=main
[34m2026-03-25 09:34:19 [debug] acl params                                  [39m module=systemSettings submodule=get app=main reqId=6138c72e-d945-43e4-b5d0-45c58be9870b dataSourceKey=main
[34m2026-03-25 09:34:19 [debug] acl parsedParams                            [39m module=systemSettings submodule=get app=main reqId=6138c72e-d945-43e4-b5d0-45c58be9870b dataSourceKey=main
[34m2026-03-25 09:34:19 [debug] ctx permission                              [39m meta={"can":null,"resourceName":"desktopRoutes","actionName":"listAccessible","skip":true} module=desktopRoutes submodule=listAccessible app=main reqId=74921442-c0cd-434f-a8fa-a17f6dceca66 dataSourceKey=main
[34m2026-03-25 09:34:19 [debug] acl params                                  [39m module=desktopRoutes submodule=listAccessible app=main reqId=74921442-c0cd-434f-a8fa-a17f6dceca66 dataSourceKey=main
[34m2026-03-25 09:34:19 [debug] acl parsedParams                            [39m module=desktopRoutes submodule=listAccessible app=main reqId=74921442-c0cd-434f-a8fa-a17f6dceca66 dataSourceKey=main
[34m2026-03-25 09:34:19 [debug] ctx permission                              [39m meta={"can":null,"resourceName":"asyncTasks","actionName":"list","skip":true} module=asyncTasks submodule=list app=main reqId=945b75d2-c00c-4e1f-b2e9-648dc0e45a9f dataSourceKey=main
[34m2026-03-25 09:34:19 [debug] acl params                                  [39m module=asyncTasks submodule=list app=main reqId=945b75d2-c00c-4e1f-b2e9-648dc0e45a9f dataSourceKey=main
[34m2026-03-25 09:34:19 [debug] acl parsedParams                            [39m module=asyncTasks submodule=list app=main reqId=945b75d2-c00c-4e1f-b2e9-648dc0e45a9f dataSourceKey=main
[34m2026-03-25 09:34:19 [debug] ctx permission                              [39m meta={"can":null,"resourceName":"myInAppMessages","actionName":"count","skip":true} module=myInAppMessages submodule=count app=main reqId=0923884d-27e4-436e-aa8f-39c93233f290 dataSourceKey=main
[34m2026-03-25 09:34:19 [debug] acl params                                  [39m module=myInAppMessages submodule=count app=main reqId=0923884d-27e4-436e-aa8f-39c93233f290 dataSourceKey=main
[34m2026-03-25 09:34:19 [debug] acl parsedParams                            [39m module=myInAppMessages submodule=count app=main reqId=0923884d-27e4-436e-aa8f-39c93233f290 dataSourceKey=main
[34m2026-03-25 09:34:19 [debug] ctx permission                              [39m meta={"can":{"role":"root","resource":"uiSchemaTemplates","action":"list"},"resourceName":"uiSchemaTemplates","actionName":"list","skip":true} module=uiSchemaTemplates submodule=list app=main reqId=77d0e8d8-5452-4836-bdb2-9314540ef32d dataSourceKey=main
[34m2026-03-25 09:34:19 [debug] acl params                                  [39m module=uiSchemaTemplates submodule=list app=main reqId=77d0e8d8-5452-4836-bdb2-9314540ef32d dataSourceKey=main
[34m2026-03-25 09:34:19 [debug] acl parsedParams                            [39m module=uiSchemaTemplates submodule=list app=main reqId=77d0e8d8-5452-4836-bdb2-9314540ef32d dataSourceKey=main
[34m2026-03-25 09:34:19 [debug] ctx permission                              [39m meta={"can":{"role":"root","resource":"dataSources","action":"listEnabled"},"resourceName":"dataSources","actionName":"listEnabled","skip":true} module=dataSources submodule=listEnabled app=main reqId=a4d244a5-4270-4a2a-ac03-96ca03e1fc4d dataSourceKey=main
[34m2026-03-25 09:34:19 [debug] acl params                                  [39m module=dataSources submodule=listEnabled app=main reqId=a4d244a5-4270-4a2a-ac03-96ca03e1fc4d dataSourceKey=main
[34m2026-03-25 09:34:19 [debug] acl parsedParams                            [39m module=dataSources submodule=listEnabled app=main reqId=a4d244a5-4270-4a2a-ac03-96ca03e1fc4d dataSourceKey=main
[34m2026-03-25 09:34:19 [debug] ctx permission                              [39m meta={"can":null,"resourceName":"app","actionName":"getInfo","skip":true} module=app submodule=getInfo app=main reqId=5144d18a-1e71-437d-8def-106009c0d893 dataSourceKey=main
[34m2026-03-25 09:34:19 [debug] acl params                                  [39m module=app submodule=getInfo app=main reqId=5144d18a-1e71-437d-8def-106009c0d893 dataSourceKey=main
[34m2026-03-25 09:34:19 [debug] acl parsedParams                            [39m module=app submodule=getInfo app=main reqId=5144d18a-1e71-437d-8def-106009c0d893 dataSourceKey=main
[34m2026-03-25 09:34:19 [debug] ctx permission                              [39m meta={"can":{"role":"root","resource":"uiSchemas","action":"getJsonSchema"},"resourceName":"uiSchemas","actionName":"getJsonSchema","skip":true} module=uiSchemas submodule=getJsonSchema/zbnp037qsfh app=main reqId=1d3a283f-8513-4c9c-84f1-7b8d566d3e97 dataSourceKey=main
[34m2026-03-25 09:34:19 [debug] acl params                                  [39m module=uiSchemas submodule=getJsonSchema/zbnp037qsfh app=main reqId=1d3a283f-8513-4c9c-84f1-7b8d566d3e97 dataSourceKey=main
[34m2026-03-25 09:34:19 [debug] acl parsedParams                            [39m module=uiSchemas submodule=getJsonSchema/zbnp037qsfh app=main reqId=1d3a283f-8513-4c9c-84f1-7b8d566d3e97 dataSourceKey=main
[34m2026-03-25 09:34:19 [debug] ctx permission                              [39m meta={"can":{"role":"root","resource":"collections","action":"listMeta"},"resourceName":"collections","actionName":"listMeta","skip":true} module=collections submodule=listMeta app=main reqId=53955d55-9419-4e96-9cae-b2e0c03b710e dataSourceKey=main
[34m2026-03-25 09:34:19 [debug] acl params                                  [39m module=collections submodule=listMeta app=main reqId=53955d55-9419-4e96-9cae-b2e0c03b710e dataSourceKey=main
[34m2026-03-25 09:34:19 [debug] acl parsedParams                            [39m module=collections submodule=listMeta app=main reqId=53955d55-9419-4e96-9cae-b2e0c03b710e dataSourceKey=main
[34m2026-03-25 09:34:19 [debug] ctx permission                              [39m meta={"can":{"role":"root","resource":"uiSchemas","action":"getJsonSchema"},"resourceName":"uiSchemas","actionName":"getJsonSchema","skip":true} module=uiSchemas submodule=getJsonSchema/09zgpjffqzu app=main reqId=dd476185-10fa-4a8b-860d-96bc14c3eabb dataSourceKey=main
[34m2026-03-25 09:34:19 [debug] acl params                                  [39m module=uiSchemas submodule=getJsonSchema/09zgpjffqzu app=main reqId=dd476185-10fa-4a8b-860d-96bc14c3eabb dataSourceKey=main
[34m2026-03-25 09:34:19 [debug] acl parsedParams                            [39m module=uiSchemas submodule=getJsonSchema/09zgpjffqzu app=main reqId=dd476185-10fa-4a8b-860d-96bc14c3eabb dataSourceKey=main
[34m2026-03-25 09:34:19 [debug] ctx permission                              [39m meta={"can":null,"resourceName":"finance","actionName":"list","skip":true} module=finance submodule=list app=main reqId=94698339-c373-4177-b073-883e06357bf7 dataSourceKey=main
[34m2026-03-25 09:34:19 [debug] acl params                                  [39m module=finance submodule=list app=main reqId=94698339-c373-4177-b073-883e06357bf7 dataSourceKey=main
[34m2026-03-25 09:34:19 [debug] acl parsedParams                            [39m module=finance submodule=list app=main reqId=94698339-c373-4177-b073-883e06357bf7 dataSourceKey=main
[34m2026-03-25 09:34:28 [debug] ctx permission                              [39m meta={"can":{"role":"root","resource":"uiSchemas","action":"getJsonSchema"},"resourceName":"uiSchemas","actionName":"getJsonSchema","skip":true} module=uiSchemas submodule=getJsonSchema/2sr08odcsvj app=main reqId=1ce07b06-3fa0-459c-ae3c-9001f2ebe25c dataSourceKey=main
[34m2026-03-25 09:34:28 [debug] acl params                                  [39m module=uiSchemas submodule=getJsonSchema/2sr08odcsvj app=main reqId=1ce07b06-3fa0-459c-ae3c-9001f2ebe25c dataSourceKey=main
[34m2026-03-25 09:34:28 [debug] acl parsedParams                            [39m module=uiSchemas submodule=getJsonSchema/2sr08odcsvj app=main reqId=1ce07b06-3fa0-459c-ae3c-9001f2ebe25c dataSourceKey=main
[34m2026-03-25 09:34:28 [debug] ctx permission                              [39m meta={"can":{"role":"root","resource":"uiSchemas","action":"getJsonSchema"},"resourceName":"uiSchemas","actionName":"getJsonSchema","skip":true} module=uiSchemas submodule=getJsonSchema/t73iza3r8wt app=main reqId=cde67284-eb11-475a-804f-c0f032dc6ba7 dataSourceKey=main
[34m2026-03-25 09:34:28 [debug] acl params                                  [39m module=uiSchemas submodule=getJsonSchema/t73iza3r8wt app=main reqId=cde67284-eb11-475a-804f-c0f032dc6ba7 dataSourceKey=main
[34m2026-03-25 09:34:28 [debug] acl parsedParams                            [39m module=uiSchemas submodule=getJsonSchema/t73iza3r8wt app=main reqId=cde67284-eb11-475a-804f-c0f032dc6ba7 dataSourceKey=main
[34m2026-03-25 09:34:39 [debug] ctx permission                              [39m meta={"can":{"role":"root","resource":"desktopRoutes","action":"create"},"resourceName":"desktopRoutes","actionName":"create","skip":true} module=desktopRoutes submodule=create app=main reqId=239f9c31-0c8a-4495-9d95-90380c19f7ff dataSourceKey=main
[34m2026-03-25 09:34:39 [debug] acl params                                  [39m module=desktopRoutes submodule=create app=main reqId=239f9c31-0c8a-4495-9d95-90380c19f7ff dataSourceKey=main
[34m2026-03-25 09:34:39 [debug] acl parsedParams                            [39m module=desktopRoutes submodule=create app=main reqId=239f9c31-0c8a-4495-9d95-90380c19f7ff dataSourceKey=main
[34m2026-03-25 09:34:39 [debug] ctx permission                              [39m meta={"can":null,"resourceName":"desktopRoutes","actionName":"listAccessible","skip":true} module=desktopRoutes submodule=listAccessible app=main reqId=e6ff897b-ce9a-40ee-84c9-158b0f2e7d10 dataSourceKey=main
[34m2026-03-25 09:34:39 [debug] acl params                                  [39m module=desktopRoutes submodule=listAccessible app=main reqId=e6ff897b-ce9a-40ee-84c9-158b0f2e7d10 dataSourceKey=main
[34m2026-03-25 09:34:39 [debug] acl parsedParams                            [39m module=desktopRoutes submodule=listAccessible app=main reqId=e6ff897b-ce9a-40ee-84c9-158b0f2e7d10 dataSourceKey=main
[34m2026-03-25 09:35:00 [debug] Running cleanup for completed tasks...      [39m module=application app=main reqId=ebc649e6-abb1-4308-bf01-474e56350d71 dataSourceKey=main
[34m2026-03-25 09:35:00 [debug] Found 0 tasks to cleanup                    [39m module=application app=main reqId=ebc649e6-abb1-4308-bf01-474e56350d71 dataSourceKey=main
[34m2026-03-25 09:35:01 [debug] ctx permission                              [39m meta={"can":{"role":"root","resource":"desktopRoutes","action":"create"},"resourceName":"desktopRoutes","actionName":"create","skip":true} module=desktopRoutes submodule=create app=main reqId=ec13efe8-4872-467d-8e21-5328eed0f058 dataSourceKey=main
[34m2026-03-25 09:35:01 [debug] acl params                                  [39m module=desktopRoutes submodule=create app=main reqId=ec13efe8-4872-467d-8e21-5328eed0f058 dataSourceKey=main
[34m2026-03-25 09:35:01 [debug] acl parsedParams                            [39m module=desktopRoutes submodule=create app=main reqId=ec13efe8-4872-467d-8e21-5328eed0f058 dataSourceKey=main
[34m2026-03-25 09:35:01 [debug] ctx permission                              [39m meta={"can":null,"resourceName":"desktopRoutes","actionName":"listAccessible","skip":true} module=desktopRoutes submodule=listAccessible app=main reqId=054bed11-3c77-4d31-a322-1a1d15e3eb68 dataSourceKey=main
[34m2026-03-25 09:35:01 [debug] acl params                                  [39m module=desktopRoutes submodule=listAccessible app=main reqId=054bed11-3c77-4d31-a322-1a1d15e3eb68 dataSourceKey=main
[34m2026-03-25 09:35:01 [debug] acl parsedParams                            [39m module=desktopRoutes submodule=listAccessible app=main reqId=054bed11-3c77-4d31-a322-1a1d15e3eb68 dataSourceKey=main
[34m2026-03-25 09:35:01 [debug] ctx permission                              [39m meta={"can":{"role":"root","resource":"uiSchemas","action":"insert"},"resourceName":"uiSchemas","actionName":"insert","skip":true} module=uiSchemas submodule=insert app=main reqId=dd466563-9f97-4bda-a99f-5c65e1358a60 dataSourceKey=main
[34m2026-03-25 09:35:01 [debug] acl params                                  [39m module=uiSchemas submodule=insert app=main reqId=dd466563-9f97-4bda-a99f-5c65e1358a60 dataSourceKey=main
[34m2026-03-25 09:35:01 [debug] acl parsedParams                            [39m module=uiSchemas submodule=insert app=main reqId=dd466563-9f97-4bda-a99f-5c65e1358a60 dataSourceKey=main
[34m2026-03-25 09:35:04 [debug] ctx permission                              [39m meta={"can":{"role":"root","resource":"uiSchemas","action":"getJsonSchema"},"resourceName":"uiSchemas","actionName":"getJsonSchema","skip":true} module=uiSchemas submodule=getJsonSchema/ka7eitd4812 app=main reqId=549e64d9-e7a9-407f-bd65-15a7184ffae6 dataSourceKey=main
[34m2026-03-25 09:35:04 [debug] acl params                                  [39m module=uiSchemas submodule=getJsonSchema/ka7eitd4812 app=main reqId=549e64d9-e7a9-407f-bd65-15a7184ffae6 dataSourceKey=main
[34m2026-03-25 09:35:04 [debug] acl parsedParams                            [39m module=uiSchemas submodule=getJsonSchema/ka7eitd4812 app=main reqId=549e64d9-e7a9-407f-bd65-15a7184ffae6 dataSourceKey=main
[34m2026-03-25 09:35:04 [debug] ctx permission                              [39m meta={"can":{"role":"root","resource":"uiSchemas","action":"getJsonSchema"},"resourceName":"uiSchemas","actionName":"getJsonSchema","skip":true} module=uiSchemas submodule=getJsonSchema/2zf4wmqw8gj app=main reqId=a002f2a3-0a7b-4ffa-9a6c-0483316c8c40 dataSourceKey=main
[34m2026-03-25 09:35:04 [debug] acl params                                  [39m module=uiSchemas submodule=getJsonSchema/2zf4wmqw8gj app=main reqId=a002f2a3-0a7b-4ffa-9a6c-0483316c8c40 dataSourceKey=main
[34m2026-03-25 09:35:04 [debug] acl parsedParams                            [39m module=uiSchemas submodule=getJsonSchema/2zf4wmqw8gj app=main reqId=a002f2a3-0a7b-4ffa-9a6c-0483316c8c40 dataSourceKey=main
[34m2026-03-25 09:35:11 [debug] ctx permission                              [39m meta={"can":{"role":"root","resource":"desktopRoutes","action":"update"},"resourceName":"desktopRoutes","actionName":"update","skip":true} module=desktopRoutes submodule=update app=main reqId=1eae9ba3-b180-4f53-bbba-0e2da3d035ac dataSourceKey=main
[34m2026-03-25 09:35:11 [debug] acl params                                  [39m module=desktopRoutes submodule=update app=main reqId=1eae9ba3-b180-4f53-bbba-0e2da3d035ac dataSourceKey=main
[34m2026-03-25 09:35:11 [debug] acl parsedParams                            [39m module=desktopRoutes submodule=update app=main reqId=1eae9ba3-b180-4f53-bbba-0e2da3d035ac dataSourceKey=main
[34m2026-03-25 09:35:11 [debug] ctx permission                              [39m meta={"can":null,"resourceName":"desktopRoutes","actionName":"listAccessible","skip":true} module=desktopRoutes submodule=listAccessible app=main reqId=e81ee0ed-2733-4018-99d7-8524ebb5697d dataSourceKey=main
[34m2026-03-25 09:35:11 [debug] acl params                                  [39m module=desktopRoutes submodule=listAccessible app=main reqId=e81ee0ed-2733-4018-99d7-8524ebb5697d dataSourceKey=main
[34m2026-03-25 09:35:11 [debug] acl parsedParams                            [39m module=desktopRoutes submodule=listAccessible app=main reqId=e81ee0ed-2733-4018-99d7-8524ebb5697d dataSourceKey=main
[34m2026-03-25 09:35:15 [debug] ctx permission                              [39m meta={"can":{"role":"root","resource":"uiSchemas","action":"insertAdjacent"},"resourceName":"uiSchemas","actionName":"insertAdjacent","skip":true} module=uiSchemas submodule=insertAdjacent/2zf4wmqw8gj app=main reqId=9e492893-f933-4442-b9af-0e198493afa7 dataSourceKey=main
[34m2026-03-25 09:35:15 [debug] acl params                                  [39m module=uiSchemas submodule=insertAdjacent/2zf4wmqw8gj app=main reqId=9e492893-f933-4442-b9af-0e198493afa7 dataSourceKey=main
[34m2026-03-25 09:35:15 [debug] acl parsedParams                            [39m module=uiSchemas submodule=insertAdjacent/2zf4wmqw8gj app=main reqId=9e492893-f933-4442-b9af-0e198493afa7 dataSourceKey=main
[34m2026-03-25 09:35:15 [debug] ctx permission                              [39m meta={"can":null,"resourceName":"operations","actionName":"countryList","skip":true} module=operations submodule=countryList app=main reqId=da75e2f2-1b51-4803-a469-4794b2ab1b4c dataSourceKey=main
[34m2026-03-25 09:35:15 [debug] acl params                                  [39m module=operations submodule=countryList app=main reqId=da75e2f2-1b51-4803-a469-4794b2ab1b4c dataSourceKey=main
[34m2026-03-25 09:35:15 [debug] acl parsedParams                            [39m module=operations submodule=countryList app=main reqId=da75e2f2-1b51-4803-a469-4794b2ab1b4c dataSourceKey=main
[34m2026-03-25 09:35:16 [debug] ctx permission                              [39m meta={"can":null,"resourceName":"operations","actionName":"emRequestList","skip":true} module=operations submodule=emRequestList app=main reqId=0e4c60f2-374e-48bf-872d-fb2c06d7ce5c dataSourceKey=main
[34m2026-03-25 09:35:16 [debug] acl params                                  [39m module=operations submodule=emRequestList app=main reqId=0e4c60f2-374e-48bf-872d-fb2c06d7ce5c dataSourceKey=main
[34m2026-03-25 09:35:16 [debug] acl parsedParams                            [39m module=operations submodule=emRequestList app=main reqId=0e4c60f2-374e-48bf-872d-fb2c06d7ce5c dataSourceKey=main
[34m2026-03-25 09:36:00 [debug] Running cleanup for completed tasks...      [39m module=application app=main reqId=ebc649e6-abb1-4308-bf01-474e56350d71 dataSourceKey=main
[34m2026-03-25 09:36:00 [debug] Found 0 tasks to cleanup                    [39m module=application app=main reqId=ebc649e6-abb1-4308-bf01-474e56350d71 dataSourceKey=main
[34m2026-03-25 09:36:10 [debug] create database instance: {"sync":{"alter":{"drop":false},"force":false},"logging":false,"dialect":"mysql","username":"nocobase","database":"nocobase","port":"3306","timezone":"+00:00","underscored":false,"pool":{},"migrator":{"context":{"app":{"appName":"main","name":"main"}}},"logger":{},"rawTimezone":"+00:00"}[39m meta={"databaseInstanceId":"b0qZQ7FzOUAqkmvlzWA96"} module=database app=main reqId=0e5a5866-d3b0-41e6-a7f9-c967e16506e7 dataSourceKey=main
[32m2026-03-25 09:36:10 [info]  add app main into supervisor                [39m module=application submodule=supervisor method=addApp app=main reqId=0e5a5866-d3b0-41e6-a7f9-c967e16506e7 dataSourceKey=main
[32m2026-03-25 09:36:10 [info]  connection has been established successfully.[39m module=database method=auth app=main reqId=0e5a5866-d3b0-41e6-a7f9-c967e16506e7 dataSourceKey=main
[34m2026-03-25 09:36:10 [debug] init plugins                                [39m module=application app=main reqId=0e5a5866-d3b0-41e6-a7f9-c967e16506e7 dataSourceKey=main
[34m2026-03-25 09:36:10 [debug] loading app...                              [39m module=application app=main reqId=0e5a5866-d3b0-41e6-a7f9-c967e16506e7 dataSourceKey=main
[32m2026-03-25 09:36:10 [info]  allocate worker id: 8                       [39m module=application method=load app=main reqId=0e5a5866-d3b0-41e6-a7f9-c967e16506e7 dataSourceKey=main
[34m2026-03-25 09:36:10 [debug] loading plugins...                          [39m module=application app=main reqId=0e5a5866-d3b0-41e6-a7f9-c967e16506e7 dataSourceKey=main
[34m2026-03-25 09:36:10 [debug] Registering task type: command              [39m module=application app=main reqId=0e5a5866-d3b0-41e6-a7f9-c967e16506e7 dataSourceKey=main
[34m2026-03-25 09:36:10 [debug] Subscribed to background job topic: workflow.pendingExecution[39m module=application app=main reqId=0e5a5866-d3b0-41e6-a7f9-c967e16506e7 dataSourceKey=main
[34m2026-03-25 09:36:10 [debug] plugins loaded                              [39m module=application app=main reqId=0e5a5866-d3b0-41e6-a7f9-c967e16506e7 dataSourceKey=main
[34m2026-03-25 09:36:10 [debug] loading locale resource...                  [39m module=application submodule=locale method=onAfterLoad app=main reqId=0e5a5866-d3b0-41e6-a7f9-c967e16506e7 dataSourceKey=main
[33m2026-03-25 09:36:10 [warn]  [PubSubManager] adapter is not exist or not connected, cannot publish message to channel main.sync.localeManager[39m module=application app=main reqId=0e5a5866-d3b0-41e6-a7f9-c967e16506e7 dataSourceKey=main
[34m2026-03-25 09:36:10 [debug] locale resource loaded                      [39m module=application submodule=locale method=onAfterLoad app=main reqId=0e5a5866-d3b0-41e6-a7f9-c967e16506e7 dataSourceKey=main
[34m2026-03-25 09:36:10 [debug] starting app...                             [39m module=application app=main reqId=0e5a5866-d3b0-41e6-a7f9-c967e16506e7 dataSourceKey=main
[34m2026-03-25 09:36:10 [debug] loading custom collections                  [39m module=data-source-main method=loadCollections app=main reqId=0e5a5866-d3b0-41e6-a7f9-c967e16506e7 dataSourceKey=main
[34m2026-03-25 09:36:10 [debug] loading collections...                      [39m module=database app=main reqId=0e5a5866-d3b0-41e6-a7f9-c967e16506e7 dataSourceKey=main
[34m2026-03-25 09:36:10 [debug] collections loaded                          [39m module=database app=main reqId=0e5a5866-d3b0-41e6-a7f9-c967e16506e7 dataSourceKey=main
[32m2026-03-25 09:36:10 [info]  memory queue storage file not found, skip   [39m module=application app=main reqId=0e5a5866-d3b0-41e6-a7f9-c967e16506e7 dataSourceKey=main
[34m2026-03-25 09:36:10 [debug] connected to adapter, using memory? true    [39m module=application app=main reqId=0e5a5866-d3b0-41e6-a7f9-c967e16506e7 dataSourceKey=main
[32m2026-03-25 09:36:10 [info]  write roles to ACL                          [39m module=acl method=writeRolesToACL app=main reqId=0e5a5866-d3b0-41e6-a7f9-c967e16506e7 dataSourceKey=main
[32m2026-03-25 09:36:10 [info]  app has been started                        [39m module=application app=main reqId=0e5a5866-d3b0-41e6-a7f9-c967e16506e7 dataSourceKey=main
[34m2026-03-25 09:36:14 [debug] ctx permission                              [39m meta={"can":null,"resourceName":"app","actionName":"getLang","skip":true} module=app submodule=getLang app=main reqId=eb62a48b-7c24-4442-95e1-84ebfbe472c6 dataSourceKey=main
[34m2026-03-25 09:36:14 [debug] acl params                                  [39m module=app submodule=getLang app=main reqId=eb62a48b-7c24-4442-95e1-84ebfbe472c6 dataSourceKey=main
[34m2026-03-25 09:36:14 [debug] acl parsedParams                            [39m module=app submodule=getLang app=main reqId=eb62a48b-7c24-4442-95e1-84ebfbe472c6 dataSourceKey=main
[33m2026-03-25 09:36:14 [warn]  [PubSubManager] adapter is not exist or not connected, cannot publish message to channel main.sync.localeManager[39m module=application app=main reqId=0e5a5866-d3b0-41e6-a7f9-c967e16506e7 dataSourceKey=main
[34m2026-03-25 09:36:14 [debug] ctx permission                              [39m meta={"can":null,"resourceName":"pm","actionName":"listEnabled","skip":true} module=pm submodule=listEnabled app=main reqId=4eeee97f-f7d7-4b19-9394-c964ec68a1ba dataSourceKey=main
[34m2026-03-25 09:36:14 [debug] acl params                                  [39m module=pm submodule=listEnabled app=main reqId=4eeee97f-f7d7-4b19-9394-c964ec68a1ba dataSourceKey=main
[34m2026-03-25 09:36:14 [debug] acl parsedParams                            [39m module=pm submodule=listEnabled app=main reqId=4eeee97f-f7d7-4b19-9394-c964ec68a1ba dataSourceKey=main
[34m2026-03-25 09:36:14 [debug] ctx permission                              [39m meta={"can":null,"resourceName":"auth","actionName":"check","skip":true} module=auth submodule=check app=main reqId=5af51280-7795-4b7a-a6ca-0646015fe4bd dataSourceKey=main
[34m2026-03-25 09:36:14 [debug] acl params                                  [39m module=auth submodule=check app=main reqId=5af51280-7795-4b7a-a6ca-0646015fe4bd dataSourceKey=main
[34m2026-03-25 09:36:14 [debug] acl parsedParams                            [39m module=auth submodule=check app=main reqId=5af51280-7795-4b7a-a6ca-0646015fe4bd dataSourceKey=main
[34m2026-03-25 09:36:14 [debug] ctx permission                              [39m meta={"can":null,"resourceName":"systemSettings","actionName":"get","skip":true} module=systemSettings submodule=get app=main reqId=1d1e59e9-832a-433c-a825-81a1459b507d dataSourceKey=main
[34m2026-03-25 09:36:14 [debug] acl params                                  [39m module=systemSettings submodule=get app=main reqId=1d1e59e9-832a-433c-a825-81a1459b507d dataSourceKey=main
[34m2026-03-25 09:36:14 [debug] acl parsedParams                            [39m module=systemSettings submodule=get app=main reqId=1d1e59e9-832a-433c-a825-81a1459b507d dataSourceKey=main
[34m2026-03-25 09:36:14 [debug] ctx permission                              [39m meta={"can":null,"resourceName":"userWorkflowTasks","actionName":"listMine","skip":true} module=userWorkflowTasks submodule=listMine app=main reqId=43a11203-43b6-456c-be63-587b6d6789c4 dataSourceKey=main
[34m2026-03-25 09:36:14 [debug] acl params                                  [39m module=userWorkflowTasks submodule=listMine app=main reqId=43a11203-43b6-456c-be63-587b6d6789c4 dataSourceKey=main
[34m2026-03-25 09:36:14 [debug] acl parsedParams                            [39m module=userWorkflowTasks submodule=listMine app=main reqId=43a11203-43b6-456c-be63-587b6d6789c4 dataSourceKey=main
[34m2026-03-25 09:36:14 [debug] ctx permission                              [39m meta={"can":{"role":"root","resource":"roles","action":"check"},"resourceName":"roles","actionName":"check","skip":true} module=roles submodule=check app=main reqId=8a186e39-dadc-4805-bbbf-d93ae81dc232 dataSourceKey=main
[34m2026-03-25 09:36:14 [debug] acl params                                  [39m module=roles submodule=check app=main reqId=8a186e39-dadc-4805-bbbf-d93ae81dc232 dataSourceKey=main
[34m2026-03-25 09:36:14 [debug] acl parsedParams                            [39m module=roles submodule=check app=main reqId=8a186e39-dadc-4805-bbbf-d93ae81dc232 dataSourceKey=main
[34m2026-03-25 09:36:14 [debug] ctx permission                              [39m meta={"can":null,"resourceName":"blockTemplates","actionName":"list","skip":true} module=blockTemplates submodule=list app=main reqId=bcc9c52e-105e-4c40-a6be-f65830b5cdca dataSourceKey=main
[34m2026-03-25 09:36:14 [debug] acl params                                  [39m module=blockTemplates submodule=list app=main reqId=bcc9c52e-105e-4c40-a6be-f65830b5cdca dataSourceKey=main
[34m2026-03-25 09:36:14 [debug] acl parsedParams                            [39m module=blockTemplates submodule=list app=main reqId=bcc9c52e-105e-4c40-a6be-f65830b5cdca dataSourceKey=main
[34m2026-03-25 09:36:14 [debug] ctx permission                              [39m meta={"can":null,"resourceName":"themeConfig","actionName":"list","skip":true} module=themeConfig submodule=list app=main reqId=1ba71155-1ae8-4297-b65d-e61b8e5edebe dataSourceKey=main
[34m2026-03-25 09:36:14 [debug] acl params                                  [39m module=themeConfig submodule=list app=main reqId=1ba71155-1ae8-4297-b65d-e61b8e5edebe dataSourceKey=main
[34m2026-03-25 09:36:14 [debug] acl parsedParams                            [39m module=themeConfig submodule=list app=main reqId=1ba71155-1ae8-4297-b65d-e61b8e5edebe dataSourceKey=main
[34m2026-03-25 09:36:14 [debug] ctx permission                              [39m meta={"can":{"role":"root","resource":"environmentVariables","action":"list"},"resourceName":"environmentVariables","actionName":"list","skip":true} app=main reqId=10cf966d-1bc4-4b37-a079-b749bf51d53c dataSourceKey=main
[34m2026-03-25 09:36:14 [debug] acl params                                  [39m app=main reqId=10cf966d-1bc4-4b37-a079-b749bf51d53c dataSourceKey=main
[34m2026-03-25 09:36:14 [debug] acl parsedParams                            [39m app=main reqId=10cf966d-1bc4-4b37-a079-b749bf51d53c dataSourceKey=main
[34m2026-03-25 09:36:14 [debug] ctx permission                              [39m meta={"can":null,"resourceName":"desktopRoutes","actionName":"listAccessible","skip":true} module=desktopRoutes submodule=listAccessible app=main reqId=9b220bd0-0902-4c59-bdd7-fc98ba95884e dataSourceKey=main
[34m2026-03-25 09:36:14 [debug] acl params                                  [39m module=desktopRoutes submodule=listAccessible app=main reqId=9b220bd0-0902-4c59-bdd7-fc98ba95884e dataSourceKey=main
[34m2026-03-25 09:36:14 [debug] acl parsedParams                            [39m module=desktopRoutes submodule=listAccessible app=main reqId=9b220bd0-0902-4c59-bdd7-fc98ba95884e dataSourceKey=main
[34m2026-03-25 09:36:15 [debug] ctx permission                              [39m meta={"can":null,"resourceName":"asyncTasks","actionName":"list","skip":true} module=asyncTasks submodule=list app=main reqId=045b06f6-90ad-40c9-8dd5-482cfb639960 dataSourceKey=main
[34m2026-03-25 09:36:15 [debug] acl params                                  [39m module=asyncTasks submodule=list app=main reqId=045b06f6-90ad-40c9-8dd5-482cfb639960 dataSourceKey=main
[34m2026-03-25 09:36:15 [debug] acl parsedParams                            [39m module=asyncTasks submodule=list app=main reqId=045b06f6-90ad-40c9-8dd5-482cfb639960 dataSourceKey=main
[34m2026-03-25 09:36:15 [debug] ctx permission                              [39m meta={"can":null,"resourceName":"myInAppMessages","actionName":"count","skip":true} module=myInAppMessages submodule=count app=main reqId=3ee077be-7d8b-463a-9804-38af0d2d53c9 dataSourceKey=main
[34m2026-03-25 09:36:15 [debug] acl params                                  [39m module=myInAppMessages submodule=count app=main reqId=3ee077be-7d8b-463a-9804-38af0d2d53c9 dataSourceKey=main
[34m2026-03-25 09:36:15 [debug] acl parsedParams                            [39m module=myInAppMessages submodule=count app=main reqId=3ee077be-7d8b-463a-9804-38af0d2d53c9 dataSourceKey=main
[34m2026-03-25 09:36:15 [debug] ctx permission                              [39m meta={"can":{"role":"root","resource":"uiSchemas","action":"getJsonSchema"},"resourceName":"uiSchemas","actionName":"getJsonSchema","skip":true} module=uiSchemas submodule=getJsonSchema/ka7eitd4812 app=main reqId=2b2e88f4-6fb0-458b-a1cd-430953b72bc1 dataSourceKey=main
[34m2026-03-25 09:36:15 [debug] acl params                                  [39m module=uiSchemas submodule=getJsonSchema/ka7eitd4812 app=main reqId=2b2e88f4-6fb0-458b-a1cd-430953b72bc1 dataSourceKey=main
[34m2026-03-25 09:36:15 [debug] acl parsedParams                            [39m module=uiSchemas submodule=getJsonSchema/ka7eitd4812 app=main reqId=2b2e88f4-6fb0-458b-a1cd-430953b72bc1 dataSourceKey=main
[34m2026-03-25 09:36:15 [debug] ctx permission                              [39m meta={"can":{"role":"root","resource":"uiSchemaTemplates","action":"list"},"resourceName":"uiSchemaTemplates","actionName":"list","skip":true} module=uiSchemaTemplates submodule=list app=main reqId=5fe83eeb-79c6-4321-b6d9-12887aff9481 dataSourceKey=main
[34m2026-03-25 09:36:15 [debug] acl params                                  [39m module=uiSchemaTemplates submodule=list app=main reqId=5fe83eeb-79c6-4321-b6d9-12887aff9481 dataSourceKey=main
[34m2026-03-25 09:36:15 [debug] acl parsedParams                            [39m module=uiSchemaTemplates submodule=list app=main reqId=5fe83eeb-79c6-4321-b6d9-12887aff9481 dataSourceKey=main
[34m2026-03-25 09:36:15 [debug] ctx permission                              [39m meta={"can":{"role":"root","resource":"dataSources","action":"listEnabled"},"resourceName":"dataSources","actionName":"listEnabled","skip":true} module=dataSources submodule=listEnabled app=main reqId=4b273052-923a-44f4-8c6b-5be7dc11b9fa dataSourceKey=main
[34m2026-03-25 09:36:15 [debug] acl params                                  [39m module=dataSources submodule=listEnabled app=main reqId=4b273052-923a-44f4-8c6b-5be7dc11b9fa dataSourceKey=main
[34m2026-03-25 09:36:15 [debug] acl parsedParams                            [39m module=dataSources submodule=listEnabled app=main reqId=4b273052-923a-44f4-8c6b-5be7dc11b9fa dataSourceKey=main
[34m2026-03-25 09:36:15 [debug] ctx permission                              [39m meta={"can":null,"resourceName":"app","actionName":"getInfo","skip":true} module=app submodule=getInfo app=main reqId=916ff59d-1221-426c-b1a8-ca29e2ff1a34 dataSourceKey=main
[34m2026-03-25 09:36:15 [debug] acl params                                  [39m module=app submodule=getInfo app=main reqId=916ff59d-1221-426c-b1a8-ca29e2ff1a34 dataSourceKey=main
[34m2026-03-25 09:36:15 [debug] acl parsedParams                            [39m module=app submodule=getInfo app=main reqId=916ff59d-1221-426c-b1a8-ca29e2ff1a34 dataSourceKey=main
[34m2026-03-25 09:36:15 [debug] ctx permission                              [39m meta={"can":{"role":"root","resource":"collections","action":"listMeta"},"resourceName":"collections","actionName":"listMeta","skip":true} module=collections submodule=listMeta app=main reqId=525da44e-e675-44a3-951c-2c8ad6dd4f5d dataSourceKey=main
[34m2026-03-25 09:36:15 [debug] acl params                                  [39m module=collections submodule=listMeta app=main reqId=525da44e-e675-44a3-951c-2c8ad6dd4f5d dataSourceKey=main
[34m2026-03-25 09:36:15 [debug] acl parsedParams                            [39m module=collections submodule=listMeta app=main reqId=525da44e-e675-44a3-951c-2c8ad6dd4f5d dataSourceKey=main
[34m2026-03-25 09:36:15 [debug] ctx permission                              [39m meta={"can":{"role":"root","resource":"uiSchemas","action":"getJsonSchema"},"resourceName":"uiSchemas","actionName":"getJsonSchema","skip":true} module=uiSchemas submodule=getJsonSchema/2zf4wmqw8gj app=main reqId=60f56f4a-5022-46bc-a18a-50d12607c92f dataSourceKey=main
[34m2026-03-25 09:36:15 [debug] acl params                                  [39m module=uiSchemas submodule=getJsonSchema/2zf4wmqw8gj app=main reqId=60f56f4a-5022-46bc-a18a-50d12607c92f dataSourceKey=main
[34m2026-03-25 09:36:15 [debug] acl parsedParams                            [39m module=uiSchemas submodule=getJsonSchema/2zf4wmqw8gj app=main reqId=60f56f4a-5022-46bc-a18a-50d12607c92f dataSourceKey=main
[34m2026-03-25 09:36:15 [debug] ctx permission                              [39m meta={"can":null,"resourceName":"operations","actionName":"countryList","skip":true} module=operations submodule=countryList app=main reqId=6c3c422f-14e8-405e-a5c6-760bf4539ca0 dataSourceKey=main
[34m2026-03-25 09:36:15 [debug] acl params                                  [39m module=operations submodule=countryList app=main reqId=6c3c422f-14e8-405e-a5c6-760bf4539ca0 dataSourceKey=main
[34m2026-03-25 09:36:15 [debug] acl parsedParams                            [39m module=operations submodule=countryList app=main reqId=6c3c422f-14e8-405e-a5c6-760bf4539ca0 dataSourceKey=main
[34m2026-03-25 09:36:16 [debug] ctx permission                              [39m meta={"can":null,"resourceName":"operations","actionName":"emRequestList","skip":true} module=operations submodule=emRequestList app=main reqId=6c62eb94-7938-4d32-a3a9-3200b42bc8c9 dataSourceKey=main
[34m2026-03-25 09:36:16 [debug] acl params                                  [39m module=operations submodule=emRequestList app=main reqId=6c62eb94-7938-4d32-a3a9-3200b42bc8c9 dataSourceKey=main
[34m2026-03-25 09:36:16 [debug] acl parsedParams                            [39m module=operations submodule=emRequestList app=main reqId=6c62eb94-7938-4d32-a3a9-3200b42bc8c9 dataSourceKey=main
[34m2026-03-25 09:37:10 [debug] Running cleanup for completed tasks...      [39m module=application app=main reqId=0e5a5866-d3b0-41e6-a7f9-c967e16506e7 dataSourceKey=main
[34m2026-03-25 09:37:10 [debug] Found 0 tasks to cleanup                    [39m module=application app=main reqId=0e5a5866-d3b0-41e6-a7f9-c967e16506e7 dataSourceKey=main
[34m2026-03-25 09:37:16 [debug] ctx permission                              [39m meta={"can":{"role":"root","resource":"desktopRoutes","action":"create"},"resourceName":"desktopRoutes","actionName":"create","skip":true} module=desktopRoutes submodule=create app=main reqId=f3c5013f-820d-4608-bd77-d302ad56d7f4 dataSourceKey=main
[34m2026-03-25 09:37:16 [debug] acl params                                  [39m module=desktopRoutes submodule=create app=main reqId=f3c5013f-820d-4608-bd77-d302ad56d7f4 dataSourceKey=main
[34m2026-03-25 09:37:16 [debug] acl parsedParams                            [39m module=desktopRoutes submodule=create app=main reqId=f3c5013f-820d-4608-bd77-d302ad56d7f4 dataSourceKey=main
[34m2026-03-25 09:37:16 [debug] ctx permission                              [39m meta={"can":{"role":"root","resource":"uiSchemas","action":"insert"},"resourceName":"uiSchemas","actionName":"insert","skip":true} module=uiSchemas submodule=insert app=main reqId=8887d016-0744-416b-936c-4ec9e976caf2 dataSourceKey=main
[34m2026-03-25 09:37:16 [debug] acl params                                  [39m module=uiSchemas submodule=insert app=main reqId=8887d016-0744-416b-936c-4ec9e976caf2 dataSourceKey=main
[34m2026-03-25 09:37:16 [debug] acl parsedParams                            [39m module=uiSchemas submodule=insert app=main reqId=8887d016-0744-416b-936c-4ec9e976caf2 dataSourceKey=main
[34m2026-03-25 09:37:16 [debug] ctx permission                              [39m meta={"can":null,"resourceName":"desktopRoutes","actionName":"listAccessible","skip":true} module=desktopRoutes submodule=listAccessible app=main reqId=c9c05394-8645-4a30-bf25-43b4fddf9dd3 dataSourceKey=main
[34m2026-03-25 09:37:16 [debug] acl params                                  [39m module=desktopRoutes submodule=listAccessible app=main reqId=c9c05394-8645-4a30-bf25-43b4fddf9dd3 dataSourceKey=main
[34m2026-03-25 09:37:16 [debug] acl parsedParams                            [39m module=desktopRoutes submodule=listAccessible app=main reqId=c9c05394-8645-4a30-bf25-43b4fddf9dd3 dataSourceKey=main
[34m2026-03-25 09:37:47 [debug] ctx permission                              [39m meta={"can":{"role":"root","resource":"desktopRoutes","action":"create"},"resourceName":"desktopRoutes","actionName":"create","skip":true} module=desktopRoutes submodule=create app=main reqId=dcef4ea7-dd7c-435b-89a0-243ffbc5c77f dataSourceKey=main
[34m2026-03-25 09:37:47 [debug] acl params                                  [39m module=desktopRoutes submodule=create app=main reqId=dcef4ea7-dd7c-435b-89a0-243ffbc5c77f dataSourceKey=main
[34m2026-03-25 09:37:47 [debug] acl parsedParams                            [39m module=desktopRoutes submodule=create app=main reqId=dcef4ea7-dd7c-435b-89a0-243ffbc5c77f dataSourceKey=main
[34m2026-03-25 09:37:47 [debug] ctx permission                              [39m meta={"can":{"role":"root","resource":"uiSchemas","action":"insert"},"resourceName":"uiSchemas","actionName":"insert","skip":true} module=uiSchemas submodule=insert app=main reqId=a79c2314-261c-4c7d-aec0-0942bbd8df70 dataSourceKey=main
[34m2026-03-25 09:37:47 [debug] acl params                                  [39m module=uiSchemas submodule=insert app=main reqId=a79c2314-261c-4c7d-aec0-0942bbd8df70 dataSourceKey=main
[34m2026-03-25 09:37:47 [debug] acl parsedParams                            [39m module=uiSchemas submodule=insert app=main reqId=a79c2314-261c-4c7d-aec0-0942bbd8df70 dataSourceKey=main
[34m2026-03-25 09:37:47 [debug] ctx permission                              [39m meta={"can":null,"resourceName":"desktopRoutes","actionName":"listAccessible","skip":true} module=desktopRoutes submodule=listAccessible app=main reqId=c7aef5ba-fcaf-4ae3-bcf3-73146fa3268f dataSourceKey=main
[34m2026-03-25 09:37:47 [debug] acl params                                  [39m module=desktopRoutes submodule=listAccessible app=main reqId=c7aef5ba-fcaf-4ae3-bcf3-73146fa3268f dataSourceKey=main
[34m2026-03-25 09:37:47 [debug] acl parsedParams                            [39m module=desktopRoutes submodule=listAccessible app=main reqId=c7aef5ba-fcaf-4ae3-bcf3-73146fa3268f dataSourceKey=main
[34m2026-03-25 09:37:52 [debug] ctx permission                              [39m meta={"can":{"role":"root","resource":"uiSchemas","action":"getJsonSchema"},"resourceName":"uiSchemas","actionName":"getJsonSchema","skip":true} module=uiSchemas submodule=getJsonSchema/dy3t809wxhx app=main reqId=70565321-acef-4d83-81ae-6b4bfe835439 dataSourceKey=main
[34m2026-03-25 09:37:52 [debug] acl params                                  [39m module=uiSchemas submodule=getJsonSchema/dy3t809wxhx app=main reqId=70565321-acef-4d83-81ae-6b4bfe835439 dataSourceKey=main
[34m2026-03-25 09:37:52 [debug] acl parsedParams                            [39m module=uiSchemas submodule=getJsonSchema/dy3t809wxhx app=main reqId=70565321-acef-4d83-81ae-6b4bfe835439 dataSourceKey=main
[34m2026-03-25 09:37:52 [debug] ctx permission                              [39m meta={"can":{"role":"root","resource":"uiSchemas","action":"getJsonSchema"},"resourceName":"uiSchemas","actionName":"getJsonSchema","skip":true} module=uiSchemas submodule=getJsonSchema/sockgp176gb app=main reqId=842094e8-91a2-4222-b1f3-1a8de5688091 dataSourceKey=main
[34m2026-03-25 09:37:52 [debug] acl params                                  [39m module=uiSchemas submodule=getJsonSchema/sockgp176gb app=main reqId=842094e8-91a2-4222-b1f3-1a8de5688091 dataSourceKey=main
[34m2026-03-25 09:37:52 [debug] acl parsedParams                            [39m module=uiSchemas submodule=getJsonSchema/sockgp176gb app=main reqId=842094e8-91a2-4222-b1f3-1a8de5688091 dataSourceKey=main
[34m2026-03-25 09:37:54 [debug] ctx permission                              [39m meta={"can":{"role":"root","resource":"uiSchemas","action":"insertAdjacent"},"resourceName":"uiSchemas","actionName":"insertAdjacent","skip":true} module=uiSchemas submodule=insertAdjacent/sockgp176gb app=main reqId=63c2e108-9900-4a3d-850c-1cd96b4c0542 dataSourceKey=main
[34m2026-03-25 09:37:54 [debug] acl params                                  [39m module=uiSchemas submodule=insertAdjacent/sockgp176gb app=main reqId=63c2e108-9900-4a3d-850c-1cd96b4c0542 dataSourceKey=main
[34m2026-03-25 09:37:55 [debug] acl parsedParams                            [39m module=uiSchemas submodule=insertAdjacent/sockgp176gb app=main reqId=63c2e108-9900-4a3d-850c-1cd96b4c0542 dataSourceKey=main
[34m2026-03-25 09:37:55 [debug] ctx permission                              [39m meta={"can":null,"resourceName":"operations","actionName":"countryList","skip":true} module=operations submodule=countryList app=main reqId=67ef2457-5675-4543-9702-9e89e4e3605b dataSourceKey=main
[34m2026-03-25 09:37:55 [debug] acl params                                  [39m module=operations submodule=countryList app=main reqId=67ef2457-5675-4543-9702-9e89e4e3605b dataSourceKey=main
[34m2026-03-25 09:37:55 [debug] acl parsedParams                            [39m module=operations submodule=countryList app=main reqId=67ef2457-5675-4543-9702-9e89e4e3605b dataSourceKey=main
[34m2026-03-25 09:37:55 [debug] ctx permission                              [39m meta={"can":null,"resourceName":"operations","actionName":"emListProducts","skip":true} module=operations submodule=emListProducts app=main reqId=17021c2b-e2d9-4c23-8b9b-67c2f3f8aebe dataSourceKey=main
[34m2026-03-25 09:37:55 [debug] acl params                                  [39m module=operations submodule=emListProducts app=main reqId=17021c2b-e2d9-4c23-8b9b-67c2f3f8aebe dataSourceKey=main
[34m2026-03-25 09:37:55 [debug] acl parsedParams                            [39m module=operations submodule=emListProducts app=main reqId=17021c2b-e2d9-4c23-8b9b-67c2f3f8aebe dataSourceKey=main
[34m2026-03-25 09:37:55 [debug] ctx permission                              [39m meta={"can":null,"resourceName":"operations","actionName":"emListFeatured","skip":true} module=operations submodule=emListFeatured app=main reqId=d16e3444-fa2f-4ee1-ae5f-ddc7b6a221d8 dataSourceKey=main
[34m2026-03-25 09:37:55 [debug] acl params                                  [39m module=operations submodule=emListFeatured app=main reqId=d16e3444-fa2f-4ee1-ae5f-ddc7b6a221d8 dataSourceKey=main
[34m2026-03-25 09:37:55 [debug] acl parsedParams                            [39m module=operations submodule=emListFeatured app=main reqId=d16e3444-fa2f-4ee1-ae5f-ddc7b6a221d8 dataSourceKey=main
[34m2026-03-25 09:37:56 [debug] ctx permission                              [39m meta={"can":{"role":"root","resource":"uiSchemas","action":"getJsonSchema"},"resourceName":"uiSchemas","actionName":"getJsonSchema","skip":true} module=uiSchemas submodule=getJsonSchema/bw3d1nj47ch app=main reqId=5a401557-5cbc-497d-a1fe-d31b81bd5129 dataSourceKey=main
[34m2026-03-25 09:37:56 [debug] acl params                                  [39m module=uiSchemas submodule=getJsonSchema/bw3d1nj47ch app=main reqId=5a401557-5cbc-497d-a1fe-d31b81bd5129 dataSourceKey=main
[34m2026-03-25 09:37:56 [debug] acl parsedParams                            [39m module=uiSchemas submodule=getJsonSchema/bw3d1nj47ch app=main reqId=5a401557-5cbc-497d-a1fe-d31b81bd5129 dataSourceKey=main
[34m2026-03-25 09:37:56 [debug] ctx permission                              [39m meta={"can":{"role":"root","resource":"uiSchemas","action":"getJsonSchema"},"resourceName":"uiSchemas","actionName":"getJsonSchema","skip":true} module=uiSchemas submodule=getJsonSchema/irpc6chuj53 app=main reqId=57681370-20a0-482e-b07d-1fc9c5a04c65 dataSourceKey=main
[34m2026-03-25 09:37:56 [debug] acl params                                  [39m module=uiSchemas submodule=getJsonSchema/irpc6chuj53 app=main reqId=57681370-20a0-482e-b07d-1fc9c5a04c65 dataSourceKey=main
[34m2026-03-25 09:37:56 [debug] acl parsedParams                            [39m module=uiSchemas submodule=getJsonSchema/irpc6chuj53 app=main reqId=57681370-20a0-482e-b07d-1fc9c5a04c65 dataSourceKey=main
[34m2026-03-25 09:38:00 [debug] ctx permission                              [39m meta={"can":{"role":"root","resource":"uiSchemas","action":"insertAdjacent"},"resourceName":"uiSchemas","actionName":"insertAdjacent","skip":true} module=uiSchemas submodule=insertAdjacent/irpc6chuj53 app=main reqId=120aa326-8fad-4663-9f61-f4b104e57e3c dataSourceKey=main
[34m2026-03-25 09:38:00 [debug] acl params                                  [39m module=uiSchemas submodule=insertAdjacent/irpc6chuj53 app=main reqId=120aa326-8fad-4663-9f61-f4b104e57e3c dataSourceKey=main
[34m2026-03-25 09:38:00 [debug] acl parsedParams                            [39m module=uiSchemas submodule=insertAdjacent/irpc6chuj53 app=main reqId=120aa326-8fad-4663-9f61-f4b104e57e3c dataSourceKey=main
[34m2026-03-25 09:38:00 [debug] ctx permission                              [39m meta={"can":null,"resourceName":"operations","actionName":"countryList","skip":true} module=operations submodule=countryList app=main reqId=6b4cf864-dfdb-4fea-87bc-21a367c077ad dataSourceKey=main
[34m2026-03-25 09:38:00 [debug] acl params                                  [39m module=operations submodule=countryList app=main reqId=6b4cf864-dfdb-4fea-87bc-21a367c077ad dataSourceKey=main
[34m2026-03-25 09:38:00 [debug] acl parsedParams                            [39m module=operations submodule=countryList app=main reqId=6b4cf864-dfdb-4fea-87bc-21a367c077ad dataSourceKey=main
[34m2026-03-25 09:38:01 [debug] ctx permission                              [39m meta={"can":null,"resourceName":"operations","actionName":"emListProducts","skip":true} module=operations submodule=emListProducts app=main reqId=0eca1dd8-d29d-466a-a4f4-a9d86a9ab281 dataSourceKey=main
[34m2026-03-25 09:38:01 [debug] acl params                                  [39m module=operations submodule=emListProducts app=main reqId=0eca1dd8-d29d-466a-a4f4-a9d86a9ab281 dataSourceKey=main
[34m2026-03-25 09:38:02 [debug] acl parsedParams                            [39m module=operations submodule=emListProducts app=main reqId=0eca1dd8-d29d-466a-a4f4-a9d86a9ab281 dataSourceKey=main
[34m2026-03-25 09:38:02 [debug] ctx permission                              [39m meta={"can":null,"resourceName":"operations","actionName":"emListBanners","skip":true} module=operations submodule=emListBanners app=main reqId=9d7c2039-78bc-4bca-8d08-81d15a50394d dataSourceKey=main
[34m2026-03-25 09:38:02 [debug] acl params                                  [39m module=operations submodule=emListBanners app=main reqId=9d7c2039-78bc-4bca-8d08-81d15a50394d dataSourceKey=main
[34m2026-03-25 09:38:02 [debug] acl parsedParams                            [39m module=operations submodule=emListBanners app=main reqId=9d7c2039-78bc-4bca-8d08-81d15a50394d dataSourceKey=main
[34m2026-03-25 09:38:10 [debug] Running cleanup for completed tasks...      [39m module=application app=main reqId=0e5a5866-d3b0-41e6-a7f9-c967e16506e7 dataSourceKey=main
[34m2026-03-25 09:38:10 [debug] Found 0 tasks to cleanup                    [39m module=application app=main reqId=0e5a5866-d3b0-41e6-a7f9-c967e16506e7 dataSourceKey=main
[34m2026-03-25 09:39:01 [debug] ctx permission                              [39m meta={"can":null,"resourceName":"operations","actionName":"emListProducts","skip":true} module=operations submodule=emListProducts app=main reqId=829cf40d-4437-43c6-9eeb-2211e570b26b dataSourceKey=main
[34m2026-03-25 09:39:01 [debug] acl params                                  [39m module=operations submodule=emListProducts app=main reqId=829cf40d-4437-43c6-9eeb-2211e570b26b dataSourceKey=main
[34m2026-03-25 09:39:01 [debug] acl parsedParams                            [39m module=operations submodule=emListProducts app=main reqId=829cf40d-4437-43c6-9eeb-2211e570b26b dataSourceKey=main
[34m2026-03-25 09:39:01 [debug] ctx permission                              [39m meta={"can":null,"resourceName":"operations","actionName":"emListBanners","skip":true} module=operations submodule=emListBanners app=main reqId=609b9cd1-a2ac-498e-98a0-8d3e8b099f1f dataSourceKey=main
[34m2026-03-25 09:39:01 [debug] acl params                                  [39m module=operations submodule=emListBanners app=main reqId=609b9cd1-a2ac-498e-98a0-8d3e8b099f1f dataSourceKey=main
[34m2026-03-25 09:39:01 [debug] acl parsedParams                            [39m module=operations submodule=emListBanners app=main reqId=609b9cd1-a2ac-498e-98a0-8d3e8b099f1f dataSourceKey=main
[34m2026-03-25 09:39:01 [debug] ctx permission                              [39m meta={"can":null,"resourceName":"operations","actionName":"emListProducts","skip":true} module=operations submodule=emListProducts app=main reqId=cc58e28b-d6cb-46d1-b733-1256bcffa02f dataSourceKey=main
[34m2026-03-25 09:39:01 [debug] acl params                                  [39m module=operations submodule=emListProducts app=main reqId=cc58e28b-d6cb-46d1-b733-1256bcffa02f dataSourceKey=main
[34m2026-03-25 09:39:01 [debug] acl parsedParams                            [39m module=operations submodule=emListProducts app=main reqId=cc58e28b-d6cb-46d1-b733-1256bcffa02f dataSourceKey=main
[34m2026-03-25 09:39:01 [debug] ctx permission                              [39m meta={"can":null,"resourceName":"operations","actionName":"emListBanners","skip":true} module=operations submodule=emListBanners app=main reqId=5afd7ecf-840f-44b2-83a7-d0de884cc46b dataSourceKey=main
[34m2026-03-25 09:39:01 [debug] acl params                                  [39m module=operations submodule=emListBanners app=main reqId=5afd7ecf-840f-44b2-83a7-d0de884cc46b dataSourceKey=main
[34m2026-03-25 09:39:01 [debug] acl parsedParams                            [39m module=operations submodule=emListBanners app=main reqId=5afd7ecf-840f-44b2-83a7-d0de884cc46b dataSourceKey=main
[34m2026-03-25 09:39:08 [debug] ctx permission                              [39m meta={"can":null,"resourceName":"operations","actionName":"emListProducts","skip":true} module=operations submodule=emListProducts app=main reqId=85474bd5-8cf5-4031-ae34-cc70c2d11c97 dataSourceKey=main
[34m2026-03-25 09:39:08 [debug] acl params                                  [39m module=operations submodule=emListProducts app=main reqId=85474bd5-8cf5-4031-ae34-cc70c2d11c97 dataSourceKey=main
[34m2026-03-25 09:39:08 [debug] acl parsedParams                            [39m module=operations submodule=emListProducts app=main reqId=85474bd5-8cf5-4031-ae34-cc70c2d11c97 dataSourceKey=main
[34m2026-03-25 09:39:08 [debug] ctx permission                              [39m meta={"can":null,"resourceName":"operations","actionName":"emListBanners","skip":true} module=operations submodule=emListBanners app=main reqId=16eaf0ac-0a82-4848-8da7-ab412b099e99 dataSourceKey=main
[34m2026-03-25 09:39:08 [debug] acl params                                  [39m module=operations submodule=emListBanners app=main reqId=16eaf0ac-0a82-4848-8da7-ab412b099e99 dataSourceKey=main
[34m2026-03-25 09:39:08 [debug] acl parsedParams                            [39m module=operations submodule=emListBanners app=main reqId=16eaf0ac-0a82-4848-8da7-ab412b099e99 dataSourceKey=main
[34m2026-03-25 09:39:10 [debug] Running cleanup for completed tasks...      [39m module=application app=main reqId=0e5a5866-d3b0-41e6-a7f9-c967e16506e7 dataSourceKey=main
[34m2026-03-25 09:39:10 [debug] Found 0 tasks to cleanup                    [39m module=application app=main reqId=0e5a5866-d3b0-41e6-a7f9-c967e16506e7 dataSourceKey=main
[34m2026-03-25 09:39:13 [debug] ctx permission                              [39m meta={"can":null,"resourceName":"operations","actionName":"emListProducts","skip":true} module=operations submodule=emListProducts app=main reqId=491a884f-1e18-423e-aafb-f9862649a192 dataSourceKey=main
[34m2026-03-25 09:39:13 [debug] acl params                                  [39m module=operations submodule=emListProducts app=main reqId=491a884f-1e18-423e-aafb-f9862649a192 dataSourceKey=main
[34m2026-03-25 09:39:13 [debug] acl parsedParams                            [39m module=operations submodule=emListProducts app=main reqId=491a884f-1e18-423e-aafb-f9862649a192 dataSourceKey=main
[34m2026-03-25 09:39:13 [debug] ctx permission                              [39m meta={"can":null,"resourceName":"operations","actionName":"emListBanners","skip":true} module=operations submodule=emListBanners app=main reqId=714a79f8-e5f0-429b-8b37-00db9cb74365 dataSourceKey=main
[34m2026-03-25 09:39:13 [debug] acl params                                  [39m module=operations submodule=emListBanners app=main reqId=714a79f8-e5f0-429b-8b37-00db9cb74365 dataSourceKey=main
[34m2026-03-25 09:39:13 [debug] acl parsedParams                            [39m module=operations submodule=emListBanners app=main reqId=714a79f8-e5f0-429b-8b37-00db9cb74365 dataSourceKey=main
[34m2026-03-25 09:39:36 [debug] ctx permission                              [39m meta={"can":null,"resourceName":"operations","actionName":"emListProducts","skip":true} module=operations submodule=emListProducts app=main reqId=1bc860c8-f79b-4bb5-a3df-eeb5d019b6f9 dataSourceKey=main
[34m2026-03-25 09:39:36 [debug] acl params                                  [39m module=operations submodule=emListProducts app=main reqId=1bc860c8-f79b-4bb5-a3df-eeb5d019b6f9 dataSourceKey=main
[34m2026-03-25 09:39:36 [debug] acl parsedParams                            [39m module=operations submodule=emListProducts app=main reqId=1bc860c8-f79b-4bb5-a3df-eeb5d019b6f9 dataSourceKey=main
[34m2026-03-25 09:39:36 [debug] ctx permission                              [39m meta={"can":null,"resourceName":"operations","actionName":"emListBanners","skip":true} module=operations submodule=emListBanners app=main reqId=9d09e43b-9a98-4626-8a4d-849201a30a25 dataSourceKey=main
[34m2026-03-25 09:39:36 [debug] acl params                                  [39m module=operations submodule=emListBanners app=main reqId=9d09e43b-9a98-4626-8a4d-849201a30a25 dataSourceKey=main
[34m2026-03-25 09:39:36 [debug] acl parsedParams                            [39m module=operations submodule=emListBanners app=main reqId=9d09e43b-9a98-4626-8a4d-849201a30a25 dataSourceKey=main
[34m2026-03-25 09:40:10 [debug] Running cleanup for completed tasks...      [39m module=application app=main reqId=0e5a5866-d3b0-41e6-a7f9-c967e16506e7 dataSourceKey=main
[34m2026-03-25 09:40:10 [debug] Found 0 tasks to cleanup                    [39m module=application app=main reqId=0e5a5866-d3b0-41e6-a7f9-c967e16506e7 dataSourceKey=main
[34m2026-03-25 09:40:23 [debug] ctx permission                              [39m meta={"can":{"role":"root","resource":"uiSchemas","action":"getJsonSchema"},"resourceName":"uiSchemas","actionName":"getJsonSchema","skip":true} module=uiSchemas submodule=getJsonSchema/7ho9ntmvw4b app=main reqId=cd024e3b-9e98-41a3-a243-fa66ffd0940a dataSourceKey=main
[34m2026-03-25 09:40:23 [debug] acl params                                  [39m module=uiSchemas submodule=getJsonSchema/7ho9ntmvw4b app=main reqId=cd024e3b-9e98-41a3-a243-fa66ffd0940a dataSourceKey=main
[34m2026-03-25 09:40:23 [debug] acl parsedParams                            [39m module=uiSchemas submodule=getJsonSchema/7ho9ntmvw4b app=main reqId=cd024e3b-9e98-41a3-a243-fa66ffd0940a dataSourceKey=main
[34m2026-03-25 09:40:23 [debug] ctx permission                              [39m meta={"can":{"role":"root","resource":"uiSchemas","action":"getJsonSchema"},"resourceName":"uiSchemas","actionName":"getJsonSchema","skip":true} module=uiSchemas submodule=getJsonSchema/hgiotudkial app=main reqId=15d3cc90-3ed0-47a7-becc-5bcda95e0edf dataSourceKey=main
[34m2026-03-25 09:40:23 [debug] acl params                                  [39m module=uiSchemas submodule=getJsonSchema/hgiotudkial app=main reqId=15d3cc90-3ed0-47a7-becc-5bcda95e0edf dataSourceKey=main
[34m2026-03-25 09:40:23 [debug] acl parsedParams                            [39m module=uiSchemas submodule=getJsonSchema/hgiotudkial app=main reqId=15d3cc90-3ed0-47a7-becc-5bcda95e0edf dataSourceKey=main
[34m2026-03-25 09:40:23 [debug] ctx permission                              [39m meta={"can":null,"resourceName":"hustles","actionName":"list","skip":true} module=hustles submodule=list app=main reqId=973cfdc1-bdd3-4530-91d8-1bb99a50e898 dataSourceKey=main
[34m2026-03-25 09:40:23 [debug] acl params                                  [39m module=hustles submodule=list app=main reqId=973cfdc1-bdd3-4530-91d8-1bb99a50e898 dataSourceKey=main
[34m2026-03-25 09:40:23 [debug] acl parsedParams                            [39m module=hustles submodule=list app=main reqId=973cfdc1-bdd3-4530-91d8-1bb99a50e898 dataSourceKey=main
[34m2026-03-25 09:40:28 [debug] ctx permission                              [39m meta={"can":{"role":"root","resource":"uiSchemas","action":"getJsonSchema"},"resourceName":"uiSchemas","actionName":"getJsonSchema","skip":true} module=uiSchemas submodule=getJsonSchema/zbnp037qsfh app=main reqId=3c0d9e13-18cd-4438-b547-9d3643150de0 dataSourceKey=main
[34m2026-03-25 09:40:28 [debug] acl params                                  [39m module=uiSchemas submodule=getJsonSchema/zbnp037qsfh app=main reqId=3c0d9e13-18cd-4438-b547-9d3643150de0 dataSourceKey=main
[34m2026-03-25 09:40:31 [debug] acl parsedParams                            [39m module=uiSchemas submodule=getJsonSchema/zbnp037qsfh app=main reqId=3c0d9e13-18cd-4438-b547-9d3643150de0 dataSourceKey=main
[34m2026-03-25 09:40:31 [debug] ctx permission                              [39m meta={"can":{"role":"root","resource":"uiSchemas","action":"getJsonSchema"},"resourceName":"uiSchemas","actionName":"getJsonSchema","skip":true} module=uiSchemas submodule=getJsonSchema/09zgpjffqzu app=main reqId=01c6ed3f-9ff3-41be-953f-7fdf50e78a9d dataSourceKey=main
[34m2026-03-25 09:40:31 [debug] acl params                                  [39m module=uiSchemas submodule=getJsonSchema/09zgpjffqzu app=main reqId=01c6ed3f-9ff3-41be-953f-7fdf50e78a9d dataSourceKey=main
[34m2026-03-25 09:40:31 [debug] acl parsedParams                            [39m module=uiSchemas submodule=getJsonSchema/09zgpjffqzu app=main reqId=01c6ed3f-9ff3-41be-953f-7fdf50e78a9d dataSourceKey=main
[34m2026-03-25 09:40:31 [debug] ctx permission                              [39m meta={"can":null,"resourceName":"finance","actionName":"list","skip":true} module=finance submodule=list app=main reqId=c8de4a22-664d-4bd1-aabc-efdbb07c851a dataSourceKey=main
[34m2026-03-25 09:40:31 [debug] acl params                                  [39m module=finance submodule=list app=main reqId=c8de4a22-664d-4bd1-aabc-efdbb07c851a dataSourceKey=main
[34m2026-03-25 09:40:31 [debug] acl parsedParams                            [39m module=finance submodule=list app=main reqId=c8de4a22-664d-4bd1-aabc-efdbb07c851a dataSourceKey=main
[34m2026-03-25 09:40:34 [debug] start destroy app                           [39m module=application method=destory app=main reqId=0e5a5866-d3b0-41e6-a7f9-c967e16506e7 dataSourceKey=main
[34m2026-03-25 09:40:34 [debug] stop app...                                 [39m module=application method=stop app=main reqId=0e5a5866-d3b0-41e6-a7f9-c967e16506e7 dataSourceKey=main
[32m2026-03-25 09:40:34 [info]  [queue] gracefully shutting down...         [39m module=application app=main reqId=0e5a5866-d3b0-41e6-a7f9-c967e16506e7 dataSourceKey=main
[32m2026-03-25 09:40:34 [info]  memory queue gracefully shutting down...    [39m module=application app=main reqId=0e5a5866-d3b0-41e6-a7f9-c967e16506e7 dataSourceKey=main
[34m2026-03-25 09:40:34 [debug] memory queue empty, no need to save to storage[39m module=application app=main reqId=0e5a5866-d3b0-41e6-a7f9-c967e16506e7 dataSourceKey=main
[32m2026-03-25 09:40:34 [info]  stopping workflow plugin before app (main) shutdown...[39m module=application app=main reqId=0e5a5866-d3b0-41e6-a7f9-c967e16506e7 dataSourceKey=main
[32m2026-03-25 09:40:34 [info]  close db                                    [39m module=application method=stop app=main reqId=0e5a5866-d3b0-41e6-a7f9-c967e16506e7 dataSourceKey=main
[32m2026-03-25 09:40:34 [info]  app has stopped                             [39m module=application method=stop app=main reqId=0e5a5866-d3b0-41e6-a7f9-c967e16506e7 dataSourceKey=main
[34m2026-03-25 09:40:34 [debug] emit afterDestroy                           [39m module=application method=destory app=main reqId=0e5a5866-d3b0-41e6-a7f9-c967e16506e7 dataSourceKey=main
[34m2026-03-25 09:40:34 [debug] finish destroy app                          [39m module=application method=destory app=main reqId=0e5a5866-d3b0-41e6-a7f9-c967e16506e7 dataSourceKey=main
